net/sf/cglib/core/ReflectUtils false
net/sf/cglib/proxy/LazyLoaderGenerator false
net/sf/cglib/beans/ImmutableBean$Generator false
org/apache/commons/lang3/LocaleUtils false
org/apache/commons/lang3/builder/StandardToStringStyleTest false
org/apache/commons/lang3/StringEscapeUtils$CsvEscaper false
org/apache/commons/lang3/CharSet false
org/apache/commons/lang3/SerializationUtils$ClassLoaderAwareObjectInputStream false
org/apache/commons/lang3/exception/ExceptionUtils false
org/apache/commons/io/FileUtils false
org/apache/commons/lang3/RandomStringUtils false
org/apache/commons/io/ByteOrderMark false
org/apache/commons/lang3/LocaleUtilsTest false
net/sf/cglib/core/CodeEmitter false
org/apache/commons/io/filefilter/HiddenFileFilter false
org/apache/commons/io/FilenameUtils false
net/sf/cglib/reflect/ConstructorDelegate$Generator false
org/apache/commons/io/comparator/NameFileComparator false
org/apache/commons/io/FileSystemUtils false
org/easymock/internal/MethodSerializationWrapper false
org/apache/commons/lang3/Conversion false
net/sf/cglib/util/ParallelSorter$Generator false
net/sf/cglib/core/MethodWrapper false
org/apache/commons/io/input/ClosedInputStream false
org/easymock/LogicalOperator false
net/sf/cglib/beans/BeanMapEmitter false
org/easymock/internal/ClassInstantiatorFactory false
org/apache/commons/io/comparator/CompositeFileComparator false
org/apache/commons/lang3/builder/ToStringStyleConcurrencyTest false
net/sf/cglib/proxy/FixedValueGenerator false
org/apache/commons/lang3/text/translate/OctalUnescaper false
org/apache/commons/lang3/CharUtils false
org/apache/commons/lang3/AnnotationUtils false
org/apache/commons/lang3/LocaleUtils$SyncAvoid false
org/apache/commons/io/monitor/FileEntry false
org/apache/commons/io/output/XmlStreamWriter false
net/sf/cglib/beans/BeanCopier false
net/sf/cglib/transform/impl/AddDelegateTransformer false
org/apache/commons/io/output/NullOutputStream false
net/sf/cglib/beans/BeanGenerator false
org/apache/commons/io/filefilter/TrueFileFilter false
org/apache/commons/lang3/time/DateFormatUtils false
org/apache/commons/lang3/time/DurationFormatUtils false
net/sf/cglib/core/KeyFactory false
org/apache/commons/lang3/time/FastDatePrinter$TimeZoneNumberRule false
net/sf/cglib/core/Constants true
net/sf/cglib/asm/ClassWriter false
org/apache/commons/lang3/ClassUtils false
org/apache/commons/lang3/AnnotationUtilsTest$Stooge false
org/apache/commons/io/comparator/DirectoryFileComparator false
net/sf/cglib/reflect/FastClassEmitter false
org/apache/commons/io/comparator/DefaultFileComparator false
org/apache/commons/lang3/JavaVersion false
org/apache/commons/lang3/builder/HashCodeBuilder false
net/sf/cglib/proxy/MixinEmitter false
org/apache/commons/lang3/time/FormatCache false
org/easymock/internal/matchers/NotNull false
net/sf/cglib/core/DefaultNamingPolicy false
org/objenesis/ObjenesisException false
net/sf/cglib/proxy/MethodInterceptorGenerator false
org/apache/commons/lang3/reflect/FieldUtilsTest false
org/easymock/Capture$1 false
org/apache/commons/lang3/math/NumberUtils false
org/apache/commons/lang3/time/FastDateParserTest false
org/apache/commons/lang3/TooMany false
org/apache/commons/lang3/time/FastDatePrinter$TwoDigitYearField false
org/apache/commons/io/output/ClosedOutputStream false
org/apache/commons/lang3/text/ExtendedMessageFormatTest$LowerCaseFormatFactory false
org/apache/commons/lang3/CharUtilsPerfRun false
org/objenesis/instantiator/gcj/GCJInstantiatorBase false
org/apache/commons/lang3/BitFieldTest false
org/apache/commons/io/output/NullWriter false
org/apache/commons/lang3/text/StrSubstitutor false
org/apache/commons/io/comparator/SizeFileComparator false
org/apache/commons/lang3/StringUtilsEqualsIndexOfTest false
org/apache/commons/io/output/ByteArrayOutputStream false
org/objenesis/instantiator/jrockit/JRockitLegacyInstantiator false
net/sf/cglib/reflect/FastClass$Generator false
org/apache/commons/lang3/CharUtilsTest false
org/apache/commons/lang3/StringEscapeUtilsTest false
org/apache/commons/lang3/time/FastDatePrinter false
net/sf/cglib/proxy/NoOpGenerator false
org/apache/commons/io/comparator/LastModifiedFileComparator false
org/apache/commons/io/input/XmlStreamReader false
net/sf/cglib/core/TinyBitSet false
org/apache/commons/lang3/time/FastDateParser false
org/apache/commons/io/IOCase false
org/apache/commons/lang3/builder/ToStringStyle false
net/sf/cglib/reflect/MethodDelegate$Generator false
org/apache/commons/lang3/ArrayUtils false
org/apache/commons/lang3/ObjectUtils false
net/sf/cglib/core/KeyFactory$Generator false
net/sf/cglib/proxy/Enhancer false
org/apache/commons/lang3/time/DateUtils false
net/sf/cglib/transform/impl/FieldProviderTransformer false
net/sf/cglib/transform/AbstractClassLoader false
org/apache/commons/lang3/reflect/MemberUtils false
net/sf/cglib/beans/ImmutableBean false
org/apache/commons/lang3/Traffic false
org/easymock/internal/matchers/Null false
org/apache/commons/lang3/concurrent/ConstantInitializerTest false
org/easymock/internal/ClassExtensionHelper false
org/apache/commons/lang3/math/Fraction false
org/apache/commons/io/Charsets false
net/sf/cglib/reflect/ConstructorDelegate false
net/sf/cglib/reflect/MulticastDelegate$Generator false
net/sf/cglib/beans/BulkBeanEmitter false
org/apache/commons/lang3/Range$ComparableComparator false
org/apache/commons/io/filefilter/FileFileFilter false
net/sf/cglib/beans/BulkBean$Generator false
net/sf/cglib/util/StringSwitcher false
org/easymock/internal/MocksControl$MockType false
org/apache/commons/lang3/StringEscapeUtils$CsvUnescaper false
net/sf/cglib/transform/impl/InterceptFieldTransformer false
net/sf/cglib/beans/BeanCopier$Generator false
org/apache/commons/lang3/text/StrBuilderAppendInsertTest false
net/sf/cglib/core/AbstractClassGenerator false
org/objenesis/instantiator/basic/ObjectInputStreamInstantiator$MockStream false
org/apache/commons/lang3/text/translate/EntityArrays false
org/apache/commons/io/comparator/PathFileComparator false
net/sf/cglib/core/DefaultGeneratorStrategy false
org/apache/commons/io/filefilter/DirectoryFileFilter false
net/sf/cglib/proxy/Mixin$Generator false
org/apache/commons/io/filefilter/FalseFileFilter false
org/objenesis/instantiator/sun/Sun13InstantiatorBase false
org/easymock/internal/MocksControl false
org/apache/commons/lang3/time/FastDatePrinterTest false
org/easymock/CaptureType false
org/apache/commons/io/input/BOMInputStream false
net/sf/cglib/transform/impl/UndeclaredThrowableStrategy false
org/apache/commons/lang3/text/StrBuilderTest false
net/sf/cglib/proxy/InterfaceMaker false
org/easymock/internal/ClassProxyFactory false
org/apache/commons/lang3/StringEscapeUtils false
org/apache/commons/lang3/time/FastDatePrinter$TwoDigitMonthField false
org/apache/commons/lang3/builder/ToStringBuilder false
org/objenesis/strategy/BaseInstantiatorStrategy false
org/apache/commons/lang3/concurrent/TimedSemaphoreTest false
org/apache/commons/io/FileCleaner false
net/sf/cglib/proxy/CallbackInfo false
net/sf/cglib/asm/Type false
org/apache/commons/lang3/SystemUtils false
net/sf/cglib/core/ClassesKey false
org/easymock/internal/RecordState false
net/sf/cglib/asm/Frame false
org/easymock/internal/BridgeMethodResolver false
org/apache/commons/lang3/builder/EqualsBuilder false
net/sf/cglib/asm/Opcodes true
org/apache/commons/io/FileDeleteStrategy false
net/sf/cglib/proxy/NoOp true
org/objenesis/ObjenesisHelper false
net/sf/cglib/util/StringSwitcher$Generator false
org/apache/commons/io/filefilter/CanWriteFileFilter false
net/sf/cglib/core/DebuggingClassWriter false
net/sf/cglib/reflect/MethodDelegate false
net/sf/cglib/beans/BeanMap$Generator false
net/sf/cglib/core/EmitUtils false
org/easymock/internal/LastControl false
org/apache/commons/lang3/text/StrMatcher false
net/sf/cglib/core/ClassNameReader false
net/sf/cglib/core/TypeUtils false
net/sf/cglib/proxy/Mixin false
net/sf/cglib/proxy/Proxy false
net/sf/cglib/core/MethodInfoTransformer false
org/apache/commons/io/filefilter/FileFilterUtils false
net/sf/cglib/util/ParallelSorterEmitter false
org/apache/commons/lang3/text/StrTokenizer false
org/apache/commons/io/IOUtils false
net/sf/cglib/beans/BulkBean false
org/apache/commons/lang3/StringUtilsTest false
org/apache/commons/io/comparator/ExtensionFileComparator false
net/sf/cglib/proxy/InvocationHandlerGenerator false
org/apache/commons/lang3/text/StrLookup false
org/apache/commons/io/filefilter/CanReadFileFilter false
org/apache/commons/io/HexDump false
org/easymock/internal/ReflectionUtils false
org/apache/commons/lang3/StringUtils false
org/apache/commons/lang3/time/DateUtilsTest false
org/apache/commons/lang3/text/translate/NumericEntityUnescaper$OPTION false
org/apache/commons/lang3/time/FastDateFormat false
org/apache/commons/lang3/text/StrMatcherTest false
org/apache/commons/lang3/time/FastDatePrinter$UnpaddedMonthField false
org/easymock/internal/matchers/Any false
org/apache/commons/io/filefilter/EmptyFileFilter false
org/apache/commons/lang3/concurrent/CallableBackgroundInitializerTest false
org/apache/commons/lang3/text/ExtendedMessageFormatTest$UpperCaseFormatFactory false
net/sf/cglib/proxy/DispatcherGenerator false
