net/sf/cglib/core/ReflectUtils java/lang/Object
org/junit/internal/runners/statements/InvokeMethod org/junit/runners/model/Statement
org/objenesis/instantiator/gcj/GCJSerializationInstantiator org/objenesis/instantiator/gcj/GCJInstantiatorBase
org/junit/rules/Verifier java/lang/Object
org/junit/internal/runners/rules/RuleMemberValidator$MemberMustBeNonStaticOrAlsoClassRule java/lang/Object
org/apache/commons/lang3/reflect/testbed/PublicChild org/apache/commons/lang3/reflect/testbed/Parent
org/apache/commons/lang3/reflect/AClass$CClass org/apache/commons/lang3/reflect/AClass$BClass
org/junit/internal/runners/rules/RuleMemberValidator$FieldMustBeARule java/lang/Object
org/junit/runner/notification/RunNotifier$SafeNotifier java/lang/Object
org/apache/commons/io/FilenameUtils java/lang/Object
org/junit/runners/model/TestTimedOutException java/lang/Exception
org/hamcrest/StringDescription org/hamcrest/BaseDescription
org/apache/commons/lang3/concurrent/MultiBackgroundInitializerTest$ChildBackgroundInitializer org/apache/commons/lang3/concurrent/BackgroundInitializer
org/apache/commons/io/input/ClosedInputStream java/io/InputStream
org/easymock/internal/Results java/lang/Object
org/apache/commons/lang3/text/translate/CharSequenceTranslator java/lang/Object
org/apache/commons/lang3/text/translate/AggregateTranslator org/apache/commons/lang3/text/translate/CharSequenceTranslator
org/apache/commons/lang3/ObjectUtilsTest$CharSequenceComparator java/lang/Object
org/apache/commons/lang3/builder/EqualsBuilderTest$TestTTLeafObject org/apache/commons/lang3/builder/EqualsBuilderTest$TestTTSubObject
org/junit/runners/ParentRunner$4 java/lang/Object
org/apache/commons/lang3/concurrent/AtomicSafeInitializerTest$1 java/lang/Object
org/junit/runners/ParentRunner$3 java/lang/Object
org/junit/runners/ParentRunner$2 org/junit/runners/model/Statement
org/junit/experimental/categories/ExcludeCategories org/junit/experimental/categories/CategoryFilterFactory
net/sf/cglib/core/KeyFactory java/lang/Object
org/junit/runner/notification/RunNotifier java/lang/Object
org/apache/commons/io/comparator/DirectoryFileComparator org/apache/commons/io/comparator/AbstractFileComparator
org/hamcrest/TypeSafeMatcher org/hamcrest/BaseMatcher
org/apache/commons/lang3/builder/ToStringStyleTest java/lang/Object
org/junit/ComparisonFailure$ComparisonCompactor java/lang/Object
net/sf/cglib/proxy/MethodProxy java/lang/Object
org/junit/internal/runners/JUnit4ClassRunner$2 java/lang/Object
org/junit/experimental/categories/CategoryFilterFactory java/lang/Object
org/junit/internal/runners/JUnit4ClassRunner$1 java/lang/Object
org/apache/commons/lang3/math/IEEE754rUtilsTest java/lang/Object
org/junit/runners/JUnit4 org/junit/runners/BlockJUnit4ClassRunner
org/objenesis/ObjenesisBase java/lang/Object
org/junit/runner/notification/Failure java/lang/Object
org/apache/commons/lang3/concurrent/BackgroundInitializerTest java/lang/Object
org/objenesis/instantiator/gcj/GCJInstantiator org/objenesis/instantiator/gcj/GCJInstantiatorBase
org/junit/experimental/max/MaxCore java/lang/Object
org/objenesis/instantiator/basic/NewInstanceInstantiator java/lang/Object
org/junit/rules/Timeout java/lang/Object
org/apache/commons/io/comparator/SizeFileComparator org/apache/commons/io/comparator/AbstractFileComparator
org/apache/commons/lang3/StringUtilsEqualsIndexOfTest java/lang/Object
org/hamcrest/internal/ReflectiveTypeFinder java/lang/Object
org/junit/experimental/theories/ParameterSupplier java/lang/Object
org/apache/commons/lang3/time/FastDatePrinter$TimeZoneDisplayKey java/lang/Object
org/apache/commons/lang3/CharUtilsTest java/lang/Object
net/sf/cglib/transform/AbstractProcessTask org/apache/tools/ant/Task
org/apache/commons/lang3/builder/HashCodeBuilderTest$TestSubObject org/apache/commons/lang3/builder/HashCodeBuilderTest$TestObject
org/apache/commons/io/comparator/LastModifiedFileComparator org/apache/commons/io/comparator/AbstractFileComparator
org/apache/commons/lang3/text/translate/CodePointTranslator org/apache/commons/lang3/text/translate/CharSequenceTranslator
net/sf/cglib/transform/ClassVisitorTee java/lang/Object
org/junit/internal/runners/rules/RuleMemberValidator java/lang/Object
org/apache/commons/lang3/ObjectUtilsTest java/lang/Object
net/sf/cglib/transform/AbstractClassLoader java/lang/ClassLoader
org/apache/commons/lang3/time/FastDatePrinter$UnpaddedNumberField java/lang/Object
org/hamcrest/internal/SelfDescribingValue java/lang/Object
org/junit/experimental/categories/Categories$CategoryFilter org/junit/runner/manipulation/Filter
org/hamcrest/MatcherAssert java/lang/Object
org/apache/commons/lang3/text/StrMatcher$TrimMatcher org/apache/commons/lang3/text/StrMatcher
org/apache/commons/io/comparator/ReverseComparator org/apache/commons/io/comparator/AbstractFileComparator
org/objenesis/ObjenesisSerializer org/objenesis/ObjenesisBase
org/apache/commons/lang3/concurrent/ConstantInitializerTest java/lang/Object
org/apache/commons/io/input/CloseShieldInputStream org/apache/commons/io/input/ProxyInputStream
org/apache/commons/lang3/builder/ToStringBuilderTest$ReflectionTestCycleB java/lang/Object
org/apache/commons/lang3/builder/ToStringBuilderTest$ReflectionTestCycleA java/lang/Object
net/sf/cglib/transform/TransformingClassLoader net/sf/cglib/transform/AbstractClassLoader
org/junit/rules/ExternalResource$1 org/junit/runners/model/Statement
net/sf/cglib/core/CodeGenerationException java/lang/RuntimeException
org/junit/runner/FilterFactories java/lang/Object
org/apache/commons/lang3/reflect/TypeUtilsTest$The org/apache/commons/lang3/reflect/TypeUtilsTest$That
org/apache/commons/io/input/BoundedInputStream java/io/InputStream
net/sf/cglib/beans/BeanCopier$Generator net/sf/cglib/core/AbstractClassGenerator
org/apache/commons/lang3/text/StrBuilderAppendInsertTest java/lang/Object
org/apache/commons/lang3/RandomStringUtilsTest java/lang/Object
org/apache/commons/lang3/reflect/MethodUtilsTest$GrandParentObject java/lang/Object
org/apache/commons/lang3/text/StrBuilderTest java/lang/Object
org/junit/experimental/theories/suppliers/TestedOnSupplier org/junit/experimental/theories/ParameterSupplier
org/junit/experimental/categories/Categories org/junit/runners/Suite
org/apache/commons/lang3/text/StrBuilderAppendInsertTest$10 org/apache/commons/lang3/text/StrBuilder
org/apache/commons/lang3/text/ExtendedMessageFormat java/text/MessageFormat
org/junit/validator/PublicClassValidator java/lang/Object
org/apache/commons/io/FileCleaner java/lang/Object
org/apache/commons/lang3/reflect/testbed/StringParameterizedChild org/apache/commons/lang3/reflect/testbed/GenericParent
junit/extensions/TestSetup$1 java/lang/Object
org/apache/commons/lang3/event/EventUtils$EventBindingInvocationHandler java/lang/Object
net/sf/cglib/proxy/CallbackInfo java/lang/Object
net/sf/cglib/transform/impl/AddDelegateTransformer$1 net/sf/cglib/core/CodeEmitter
org/junit/rules/TestWatchman java/lang/Object
net/sf/cglib/core/ClassesKey java/lang/Object
net/sf/cglib/reflect/FastClass java/lang/Object
org/junit/runners/ParentRunner$1 java/lang/Object
net/sf/cglib/core/ClassNameReader$1 net/sf/cglib/asm/ClassAdapter
org/apache/commons/lang3/time/FastDatePrinter$PaddedNumberField java/lang/Object
org/junit/runners/parameterized/TestWithParameters java/lang/Object
org/hamcrest/Condition$NotMatched org/hamcrest/Condition
net/sf/cglib/beans/BeanMap$Generator net/sf/cglib/core/AbstractClassGenerator
junit/framework/TestFailure java/lang/Object
org/apache/commons/io/input/ProxyInputStream java/io/FilterInputStream
net/sf/cglib/proxy/Proxy java/lang/Object
org/apache/commons/lang3/text/translate/LookupTranslatorTest java/lang/Object
net/sf/cglib/core/MethodInfoTransformer java/lang/Object
org/apache/commons/lang3/reflect/AAClass java/lang/Object
org/easymock/internal/AssertionErrorWrapper java/lang/RuntimeException
net/sf/cglib/beans/BulkBean java/lang/Object
org/apache/commons/io/IOExceptionWithCause java/io/IOException
net/sf/cglib/reflect/FastConstructor net/sf/cglib/reflect/FastMember
org/apache/commons/lang3/builder/EqualsBuilderTest$TestSubObject org/apache/commons/lang3/builder/EqualsBuilderTest$TestObject
org/apache/commons/lang3/builder/EqualsBuilderTest$TestACanEqualB java/lang/Object
org/junit/internal/runners/rules/RuleMemberValidator$MethodMustBeARule java/lang/Object
org/easymock/internal/ReflectionUtils java/lang/Object
org/apache/commons/lang3/time/FastDateFormat java/text/Format
org/apache/commons/lang3/mutable/MutableShortTest java/lang/Object
org/easymock/internal/matchers/GreaterThan org/easymock/internal/matchers/CompareTo
org/apache/commons/lang3/text/translate/NumericEntityEscaperTest java/lang/Object
org/junit/experimental/results/ResultMatchers$1 org/hamcrest/TypeSafeMatcher
org/junit/runners/parameterized/BlockJUnit4ClassRunnerWithParameters org/junit/runners/BlockJUnit4ClassRunner
org/apache/commons/lang3/reflect/AClass$BClass java/lang/Object
org/apache/commons/lang3/StringUtilsStartsEndsWithTest java/lang/Object
org/apache/commons/io/ByteOrderMark java/lang/Object
org/apache/commons/lang3/builder/HashCodeBuilderTest$TestObjectWithMultipleFields java/lang/Object
org/junit/experimental/theories/Theories$TheoryAnchor$2 org/junit/runners/model/Statement
org/apache/commons/lang3/LocaleUtilsTest java/lang/Object
org/easymock/Capture java/lang/Object
org/junit/experimental/theories/Theories$TheoryAnchor$1 org/junit/runners/BlockJUnit4ClassRunner
org/apache/commons/lang3/event/EventUtilsTest$ExceptionEventSource java/lang/Object
org/apache/commons/io/filefilter/WildcardFileFilter org/apache/commons/io/filefilter/AbstractFileFilter
org/objenesis/strategy/StdInstantiatorStrategy org/objenesis/strategy/BaseInstantiatorStrategy
org/apache/commons/io/input/CountingInputStream org/apache/commons/io/input/ProxyInputStream
org/objenesis/instantiator/basic/AccessibleInstantiator org/objenesis/instantiator/basic/ConstructorInstantiator
org/apache/commons/lang3/builder/CompareToBuilderTest$TestTransientSubObject org/apache/commons/lang3/builder/CompareToBuilderTest$TestObject
org/apache/commons/lang3/text/translate/OctalUnescaper org/apache/commons/lang3/text/translate/CharSequenceTranslator
org/apache/commons/lang3/event/EventUtilsTest java/lang/Object
org/junit/runners/model/NoGenericTypeParametersValidator java/lang/Object
org/apache/commons/lang3/concurrent/AtomicInitializerTest org/apache/commons/lang3/concurrent/AbstractConcurrentInitializerTest
org/apache/commons/lang3/event/EventUtilsTest$EventCounter java/lang/Object
net/sf/cglib/core/CollectionUtils java/lang/Object
org/apache/commons/lang3/text/StrLookupTest java/lang/Object
net/sf/cglib/transform/impl/AddInitTransformer net/sf/cglib/transform/ClassEmitterTransformer
org/junit/runners/model/TestClass$MethodComparator java/lang/Object
org/junit/runner/Result$1 java/lang/Object
org/junit/experimental/results/ResultMatchers$2 org/hamcrest/BaseMatcher
org/junit/internal/runners/JUnit38ClassRunner$1 java/lang/Object
org/junit/experimental/results/ResultMatchers$3 org/hamcrest/BaseMatcher
net/sf/cglib/asm/ClassWriter java/lang/Object
org/apache/commons/lang3/text/translate/UnicodeEscaperTest java/lang/Object
org/apache/commons/io/comparator/DefaultFileComparator org/apache/commons/io/comparator/AbstractFileComparator
org/easymock/internal/MockBuilder java/lang/Object
org/junit/internal/runners/statements/RunBefores org/junit/runners/model/Statement
org/easymock/internal/JavaProxyFactory java/lang/Object
org/easymock/internal/Range java/lang/Object
org/apache/commons/lang3/exception/ExceptionUtilsTest$1 java/lang/Object
org/apache/commons/lang3/builder/ToStringStyleConcurrencyTest$1 java/lang/Object
org/apache/commons/lang3/builder/ReflectionToStringBuilderMutateInspectConcurrencyTest java/lang/Object
org/hamcrest/core/IsNot org/hamcrest/BaseMatcher
org/apache/commons/lang3/text/StrBuilderTest$1 org/apache/commons/lang3/text/StrMatcher
org/apache/commons/lang3/CharEncodingTest java/lang/Object
org/objenesis/instantiator/sun/Sun13SerializationInstantiator org/objenesis/instantiator/sun/Sun13InstantiatorBase
org/apache/commons/lang3/builder/ToStringBuilderTest$ObjectCycle java/lang/Object
org/apache/commons/lang3/concurrent/AtomicInitializer java/lang/Object
org/junit/internal/RealSystem java/lang/Object
org/junit/internal/matchers/ThrowableCauseMatcher org/hamcrest/TypeSafeMatcher
net/sf/cglib/util/SorterTemplate java/lang/Object
org/junit/internal/builders/JUnit4Builder org/junit/runners/model/RunnerBuilder
org/apache/commons/lang3/tuple/MutableTripleTest java/lang/Object
org/junit/rules/ErrorCollector org/junit/rules/Verifier
org/apache/commons/io/input/SwappedDataInputStream org/apache/commons/io/input/ProxyInputStream
net/sf/cglib/core/TinyBitSet java/lang/Object
org/junit/internal/runners/rules/RuleMemberValidator$MethodMustBeATestRule java/lang/Object
net/sf/cglib/transform/AbstractClassTransformer net/sf/cglib/asm/ClassAdapter
net/sf/cglib/reflect/MethodDelegate$Generator net/sf/cglib/core/AbstractClassGenerator
org/hamcrest/core/DescribedAs org/hamcrest/BaseMatcher
org/hamcrest/DiagnosingMatcher org/hamcrest/BaseMatcher
org/junit/experimental/ParallelComputer org/junit/runner/Computer
org/hamcrest/BaseMatcher java/lang/Object
net/sf/cglib/core/KeyFactory$Generator net/sf/cglib/core/AbstractClassGenerator
org/apache/commons/lang3/time/DateUtils java/lang/Object
org/easymock/internal/ExpectedInvocationAndResult java/lang/Object
org/apache/commons/lang3/reflect/MemberUtils java/lang/Object
org/apache/commons/lang3/tuple/ImmutablePairTest java/lang/Object
org/apache/commons/lang3/time/DateUtils$DateIterator java/lang/Object
org/apache/commons/io/filefilter/MagicNumberFileFilter org/apache/commons/io/filefilter/AbstractFileFilter
org/apache/commons/lang3/builder/ToStringBuilderTest$ReflectionStaticFieldsFixture java/lang/Object
net/sf/cglib/transform/MethodFilterTransformer net/sf/cglib/transform/AbstractClassTransformer
org/apache/commons/lang3/math/Fraction java/lang/Number
org/apache/commons/lang3/concurrent/MultiBackgroundInitializer org/apache/commons/lang3/concurrent/BackgroundInitializer
org/apache/commons/io/ThreadMonitor java/lang/Object
net/sf/cglib/reflect/ConstructorDelegate java/lang/Object
org/apache/commons/io/monitor/FileAlterationMonitor java/lang/Object
org/junit/internal/runners/MethodRoadie$1 java/lang/Object
org/junit/internal/runners/MethodRoadie$2 java/lang/Object
org/junit/experimental/theories/PotentialAssignment java/lang/Object
org/apache/commons/lang3/ClassUtilsTest$4Named java/lang/Object
net/sf/cglib/asm/Item java/lang/Object
org/junit/internal/InexactComparisonCriteria org/junit/internal/ComparisonCriteria
org/junit/runners/model/FrameworkMember java/lang/Object
org/junit/rules/RunRules org/junit/runners/model/Statement
org/apache/commons/io/input/TailerListenerAdapter java/lang/Object
net/sf/cglib/transform/ClassReaderGenerator java/lang/Object
net/sf/cglib/core/DefaultGeneratorStrategy java/lang/Object
org/easymock/LogicalOperator$4 org/easymock/LogicalOperator
org/apache/commons/lang3/builder/NoFieldNamesToStringStyleTest java/lang/Object
org/easymock/internal/MocksBehavior java/lang/Object
org/easymock/LogicalOperator$3 org/easymock/LogicalOperator
org/easymock/LogicalOperator$5 org/easymock/LogicalOperator
org/easymock/LogicalOperator$2 org/easymock/LogicalOperator
org/apache/commons/lang3/text/translate/NumericEntityUnescaper org/apache/commons/lang3/text/translate/CharSequenceTranslator
org/easymock/LogicalOperator$1 org/easymock/LogicalOperator
net/sf/cglib/core/ClassInfo java/lang/Object
org/apache/commons/io/input/ReversedLinesFileReader$1 java/lang/Object
org/apache/commons/io/output/ProxyWriter java/io/FilterWriter
org/apache/commons/lang3/exception/ContextedExceptionTest org/apache/commons/lang3/exception/AbstractExceptionContextTest
org/junit/rules/ExpectedException java/lang/Object
net/sf/cglib/transform/AnnotationVisitorTee java/lang/Object
org/apache/commons/lang3/reflect/FieldUtils java/lang/Object
org/apache/commons/lang3/CharSequenceUtilsTest java/lang/Object
org/objenesis/instantiator/basic/ConstructorInstantiator java/lang/Object
org/apache/commons/lang3/concurrent/AtomicSafeInitializer java/lang/Object
org/apache/commons/io/comparator/AbstractFileComparator java/lang/Object
org/easymock/internal/ClassProxyFactory java/lang/Object
org/apache/commons/lang3/StringEscapeUtils java/lang/Object
org/apache/commons/io/input/CharSequenceInputStream java/io/InputStream
net/sf/cglib/asm/Attribute java/lang/Object
org/apache/commons/lang3/text/ExtendedMessageFormatTest$LowerCaseFormat java/text/Format
org/easymock/internal/matchers/LessThan org/easymock/internal/matchers/CompareTo
org/apache/commons/lang3/builder/ToStringBuilder java/lang/Object
org/easymock/internal/Result java/lang/Object
org/apache/commons/lang3/math/FractionTest java/lang/Object
org/junit/runner/Request java/lang/Object
org/junit/runner/manipulation/NoTestsRemainException java/lang/Exception
org/apache/commons/lang3/BooleanUtilsTest java/lang/Object
org/apache/commons/lang3/reflect/testbed/GenericParent java/lang/Object
net/sf/cglib/core/MethodInfo java/lang/Object
org/apache/commons/lang3/builder/EqualsBuilder java/lang/Object
org/apache/commons/lang3/builder/EqualsBuilderTest$TestObject java/lang/Object
org/apache/commons/lang3/builder/HashCodeBuilderAndEqualsBuilderTest java/lang/Object
net/sf/cglib/core/Block java/lang/Object
org/apache/commons/lang3/time/StopWatch java/lang/Object
org/apache/commons/io/FileDeleteStrategy java/lang/Object
org/apache/commons/lang3/reflect/MethodUtils java/lang/Object
org/apache/commons/lang3/text/StrTokenizerTest$2 org/apache/commons/lang3/text/StrTokenizer
org/easymock/internal/matchers/EndsWith java/lang/Object
net/sf/cglib/util/StringSwitcher$Generator net/sf/cglib/core/AbstractClassGenerator
org/apache/commons/lang3/text/StrTokenizerTest$1 org/apache/commons/lang3/text/StrTokenizer
org/junit/runner/Result$Listener org/junit/runner/notification/RunListener
org/apache/commons/lang3/text/StrTokenizerTest$3 org/apache/commons/lang3/text/StrTokenizer
org/apache/commons/io/filefilter/CanWriteFileFilter org/apache/commons/io/filefilter/AbstractFileFilter
org/apache/commons/lang3/mutable/MutableIntTest java/lang/Object
org/apache/commons/lang3/builder/EqualsBuilderTest$TestObjectReference java/lang/Object
org/easymock/internal/ObjenesisClassInstantiator java/lang/Object
junit/framework/JUnit4TestAdapterCache$1 org/junit/runner/notification/RunListener
org/hamcrest/core/IsInstanceOf org/hamcrest/DiagnosingMatcher
org/apache/commons/lang3/reflect/TypeUtilsTest$Other java/lang/Object
net/sf/cglib/transform/impl/InterceptFieldTransformer$1 net/sf/cglib/core/CodeEmitter
org/apache/commons/io/IOUtils java/lang/Object
org/apache/commons/lang3/tuple/MutablePair org/apache/commons/lang3/tuple/Pair
org/hamcrest/core/StringEndsWith org/hamcrest/core/SubstringMatcher
org/apache/commons/lang3/text/StrMatcher$StringMatcher org/apache/commons/lang3/text/StrMatcher
org/junit/Assume java/lang/Object
org/junit/rules/Stopwatch$1 java/lang/Object
org/hamcrest/internal/ArrayIterator java/lang/Object
net/sf/cglib/transform/ClassTransformerChain net/sf/cglib/transform/AbstractClassTransformer
org/apache/commons/lang3/builder/EqualsBuilderTest$TestObjectWithMultipleFields java/lang/Object
net/sf/cglib/proxy/UndeclaredThrowableException net/sf/cglib/core/CodeGenerationException
org/apache/commons/io/TaggedIOException org/apache/commons/io/IOExceptionWithCause
org/junit/rules/RuleChain java/lang/Object
org/junit/ComparisonFailure$ComparisonCompactor$DiffExtractor java/lang/Object
net/sf/cglib/core/VisibilityPredicate java/lang/Object
org/objenesis/instantiator/sun/Sun13Instantiator org/objenesis/instantiator/sun/Sun13InstantiatorBase
org/apache/commons/lang3/text/CompositeFormatTest java/lang/Object
org/apache/commons/lang3/builder/ToStringBuilderTest$ReflectionTestFixtureB org/apache/commons/lang3/builder/ToStringBuilderTest$ReflectionTestFixtureA
org/apache/commons/lang3/concurrent/BackgroundInitializer$InitializationTask java/lang/Object
net/sf/cglib/asm/Handler java/lang/Object
org/apache/commons/lang3/builder/EqualsBuilderTest$TestTSubObject org/apache/commons/lang3/builder/EqualsBuilderTest$TestObject
org/junit/rules/Stopwatch java/lang/Object
org/apache/commons/lang3/concurrent/BasicThreadFactory$Builder java/lang/Object
org/apache/commons/lang3/concurrent/TimedSemaphore java/lang/Object
org/apache/commons/io/FileExistsException java/io/IOException
org/apache/commons/lang3/builder/ToStringBuilderTest$ReflectionTestFixtureA java/lang/Object
org/junit/experimental/theories/internal/SpecificDataPointsSupplier org/junit/experimental/theories/internal/AllMembersSupplier
org/apache/commons/lang3/concurrent/ConcurrentUtils$ConstantFuture java/lang/Object
org/apache/commons/lang3/mutable/MutableByteTest java/lang/Object
org/apache/commons/lang3/exception/ContextedRuntimeException java/lang/RuntimeException
org/apache/commons/lang3/text/StrBuilderAppendInsertTest$4 org/apache/commons/lang3/text/StrBuilder
org/apache/commons/lang3/text/StrBuilderAppendInsertTest$5 org/apache/commons/lang3/text/StrBuilder
org/junit/internal/ArrayComparisonFailure java/lang/AssertionError
org/apache/commons/lang3/text/StrBuilderAppendInsertTest$2 org/apache/commons/lang3/text/StrBuilder
org/junit/internal/ExactComparisonCriteria org/junit/internal/ComparisonCriteria
org/apache/commons/lang3/text/StrBuilderAppendInsertTest$3 org/apache/commons/lang3/text/StrBuilder
org/apache/commons/lang3/text/StrBuilderAppendInsertTest$8 org/apache/commons/lang3/text/StrBuilder
org/apache/commons/lang3/builder/HashCodeBuilderAndEqualsBuilderTest$SubTestFixture org/apache/commons/lang3/builder/HashCodeBuilderAndEqualsBuilderTest$TestFixture
org/apache/commons/lang3/text/StrBuilderAppendInsertTest$9 org/apache/commons/lang3/text/StrBuilder
net/sf/cglib/core/AbstractClassGenerator$1 java/lang/Object
org/apache/commons/lang3/text/StrBuilderAppendInsertTest$6 org/apache/commons/lang3/text/StrBuilder
org/apache/commons/lang3/text/StrBuilderAppendInsertTest$7 org/apache/commons/lang3/text/StrBuilder
org/apache/commons/io/FileSystemUtils java/lang/Object
junit/runner/BaseTestRunner java/lang/Object
net/sf/cglib/core/EmitUtils$10 java/lang/Object
org/apache/commons/lang3/text/StrBuilderAppendInsertTest$1 java/lang/Object
org/apache/commons/lang3/text/translate/UnicodeUnescaper org/apache/commons/lang3/text/translate/CharSequenceTranslator
net/sf/cglib/core/EmitUtils$12 java/lang/Object
org/apache/commons/lang3/RangeTest java/lang/Object
net/sf/cglib/core/EmitUtils$11 java/lang/Object
net/sf/cglib/core/MethodWrapper java/lang/Object
org/junit/experimental/theories/internal/ParameterizedAssertionError java/lang/AssertionError
org/easymock/internal/ClassInstantiatorFactory java/lang/Object
org/apache/commons/lang3/AnnotationUtils$1 org/apache/commons/lang3/builder/ToStringStyle
net/sf/cglib/proxy/FixedValueGenerator java/lang/Object
org/junit/internal/runners/rules/RuleMemberValidator$Builder java/lang/Object
org/apache/commons/lang3/builder/EqualsBuilderTest$TestTTSubObject org/apache/commons/lang3/builder/EqualsBuilderTest$TestTSubObject
org/apache/commons/lang3/CharRange$CharacterIterator java/lang/Object
org/apache/commons/lang3/builder/HashCodeBuilderTest$TestObject java/lang/Object
org/hamcrest/core/SubstringMatcher org/hamcrest/TypeSafeMatcher
org/apache/commons/lang3/math/IEEE754rUtils java/lang/Object
org/apache/commons/lang3/reflect/testbed/Parent java/lang/Object
net/sf/cglib/reflect/FastClassEmitter net/sf/cglib/core/ClassEmitter
org/junit/experimental/theories/Theories$TheoryAnchor$1$1 org/junit/runners/model/Statement
org/junit/validator/AnnotationsValidator$1 java/lang/Object
org/junit/validator/AnnotationsValidator$ClassValidator org/junit/validator/AnnotationsValidator$AnnotatableValidator
org/apache/commons/lang3/mutable/MutableBooleanTest java/lang/Object
org/junit/internal/requests/FilterRequest org/junit/runner/Request
org/junit/rules/ExternalResource java/lang/Object
net/sf/cglib/core/DefaultNamingPolicy java/lang/Object
org/apache/commons/lang3/CharRangeTest java/lang/Object
net/sf/cglib/core/EmitUtils$ArrayDelimiters java/lang/Object
org/objenesis/instantiator/NullInstantiator java/lang/Object
org/apache/commons/lang3/TooMany java/lang/Enum
org/apache/commons/lang3/time/FastDatePrinter$TwoDigitYearField java/lang/Object
org/junit/experimental/ParallelComputer$1 java/lang/Object
net/sf/cglib/proxy/MixinEverythingEmitter net/sf/cglib/proxy/MixinEmitter
org/apache/commons/io/output/NullWriter java/io/Writer
org/apache/commons/io/filefilter/SizeFileFilter org/apache/commons/io/filefilter/AbstractFileFilter
org/apache/commons/lang3/tuple/MutableTriple org/apache/commons/lang3/tuple/Triple
org/junit/runner/manipulation/Sorter$1 java/lang/Object
net/sf/cglib/reflect/FastClass$Generator net/sf/cglib/core/AbstractClassGenerator
org/objenesis/instantiator/basic/ObjectStreamClassInstantiator java/lang/Object
org/junit/experimental/theories/PotentialAssignment$CouldNotGenerateValueException java/lang/Exception
org/apache/commons/lang3/event/EventUtils java/lang/Object
org/apache/commons/lang3/builder/DefaultToStringStyleTest java/lang/Object
net/sf/cglib/core/ReflectUtils$2 java/lang/Object
net/sf/cglib/core/ReflectUtils$3 net/sf/cglib/core/MethodInfo
org/apache/commons/lang3/ObjectUtils java/lang/Object
org/apache/commons/lang3/text/translate/UnicodeEscaper org/apache/commons/lang3/text/translate/CodePointTranslator
net/sf/cglib/core/ReflectUtils$1 java/lang/Object
org/apache/commons/lang3/concurrent/CallableBackgroundInitializerTest$1 java/lang/Object
net/sf/cglib/proxy/Enhancer net/sf/cglib/core/AbstractClassGenerator
net/sf/cglib/core/ReflectUtils$4 net/sf/cglib/core/ClassInfo
net/sf/cglib/core/RejectModifierPredicate java/lang/Object
net/sf/cglib/reflect/FastMethod net/sf/cglib/reflect/FastMember
org/junit/internal/runners/InitializationError java/lang/Exception
org/hamcrest/core/IsNull org/hamcrest/BaseMatcher
net/sf/cglib/asm/ClassReader java/lang/Object
org/junit/internal/requests/SortingRequest org/junit/runner/Request
org/apache/commons/io/filefilter/WildcardFilter org/apache/commons/io/filefilter/AbstractFileFilter
org/objenesis/instantiator/SerializationInstantiatorHelper java/lang/Object
org/apache/commons/io/output/CountingOutputStream org/apache/commons/io/output/ProxyOutputStream
org/apache/commons/lang3/ArrayUtilsTest java/lang/Object
org/apache/commons/io/output/ThresholdingOutputStream java/io/OutputStream
org/apache/commons/lang3/builder/ToStringStyle$ShortPrefixToStringStyle org/apache/commons/lang3/builder/ToStringStyle
net/sf/cglib/transform/impl/AbstractInterceptFieldCallback java/lang/Object
net/sf/cglib/util/ParallelSorter$DoubleComparer java/lang/Object
org/junit/validator/AnnotationsValidator java/lang/Object
org/apache/commons/lang3/ClassUtilsTest$6Named java/lang/Object
org/apache/commons/lang3/text/StrBuilder$StrBuilderWriter java/io/Writer
org/apache/commons/lang3/event/EventListenerSupport java/lang/Object
org/apache/commons/lang3/concurrent/BackgroundInitializerTest$1 java/lang/Thread
junit/extensions/TestSetup junit/extensions/TestDecorator
org/objenesis/instantiator/sun/Sun13InstantiatorBase java/lang/Object
junit/framework/AssertionFailedError java/lang/AssertionError
junit/framework/TestSuite$1 junit/framework/TestCase
org/junit/experimental/theories/internal/Assignments java/lang/Object
org/apache/commons/io/output/FileWriterWithEncoding java/io/Writer
org/hamcrest/core/CombinableMatcher$CombinableEitherMatcher java/lang/Object
org/apache/commons/lang3/concurrent/ConcurrentUtils java/lang/Object
org/apache/commons/lang3/exception/CloneFailedException java/lang/RuntimeException
org/apache/commons/io/input/Tailer java/lang/Object
org/easymock/internal/ErrorMessage java/lang/Object
org/apache/commons/lang3/reflect/MethodUtilsTest$TestMutable java/lang/Object
net/sf/cglib/transform/impl/FieldProviderTransformer$1 java/lang/Object
org/apache/commons/lang3/time/FastDateFormat$1 org/apache/commons/lang3/time/FormatCache
org/junit/runner/Description java/lang/Object
org/apache/commons/lang3/concurrent/LazyInitializerTest$1 java/lang/Object
net/sf/cglib/asm/Frame java/lang/Object
org/junit/rules/ErrorCollector$1 java/lang/Object
net/sf/cglib/transform/impl/AddStaticInitTransformer net/sf/cglib/transform/ClassEmitterTransformer
org/apache/commons/io/input/DemuxInputStream java/io/InputStream
org/apache/commons/lang3/ClassUtilsTest$7Named java/lang/Object
org/apache/commons/lang3/tuple/TripleTest java/lang/Object
org/junit/runners/parameterized/BlockJUnit4ClassRunnerWithParametersFactory java/lang/Object
net/sf/cglib/transform/impl/FieldProviderTransformer$3 java/lang/Object
net/sf/cglib/transform/impl/FieldProviderTransformer$2 java/lang/Object
net/sf/cglib/transform/impl/FieldProviderTransformer$4 java/lang/Object
org/apache/commons/lang3/text/StrMatcher java/lang/Object
net/sf/cglib/core/EmitUtils$14 java/lang/Object
net/sf/cglib/core/EmitUtils$13 java/lang/Object
net/sf/cglib/core/EmitUtils$16 java/lang/Object
net/sf/cglib/core/EmitUtils$15 java/lang/Object
org/apache/commons/io/output/StringBuilderWriter java/io/Writer
org/apache/commons/lang3/builder/ToStringBuilderTest$Outer$Inner java/lang/Object
org/apache/commons/lang3/concurrent/CallableBackgroundInitializerTest$TestCallable java/lang/Object
org/apache/commons/io/monitor/FileAlterationObserver java/lang/Object
org/easymock/internal/matchers/Same java/lang/Object
org/apache/commons/io/HexDump java/lang/Object
org/apache/commons/lang3/tuple/ImmutableTriple org/apache/commons/lang3/tuple/Triple
org/junit/runner/notification/RunListener java/lang/Object
org/apache/commons/lang3/StringUtils java/lang/Object
org/apache/commons/lang3/SerializationUtils java/lang/Object
org/apache/commons/lang3/tuple/Triple java/lang/Object
org/apache/commons/lang3/text/translate/NumericEntityUnescaper$OPTION java/lang/Enum
org/hamcrest/Condition$1 java/lang/Object
org/apache/commons/lang3/event/EventUtilsTest$MultipleEventSource java/lang/Object
org/junit/internal/runners/TestClass java/lang/Object
net/sf/cglib/transform/impl/AddPropertyTransformer net/sf/cglib/transform/ClassEmitterTransformer
org/apache/commons/lang3/builder/ToStringStyle$DefaultToStringStyle org/apache/commons/lang3/builder/ToStringStyle
org/hamcrest/CustomTypeSafeMatcher org/hamcrest/TypeSafeMatcher
org/apache/commons/lang3/ClassNotFoundSerialization java/lang/Object
org/apache/commons/lang3/reflect/TypeUtilsTest$Thing org/apache/commons/lang3/reflect/TypeUtilsTest$Other
org/junit/rules/Timeout$1 org/junit/runners/model/Statement
org/junit/validator/AnnotationValidatorFactory java/lang/Object
org/easymock/EasyMockSupport java/lang/Object
net/sf/cglib/proxy/LazyLoaderGenerator java/lang/Object
org/apache/commons/lang3/builder/ToStringStyle$NoFieldNameToStringStyle org/apache/commons/lang3/builder/ToStringStyle
org/apache/commons/lang3/concurrent/BasicThreadFactory$1 java/lang/Object
org/easymock/internal/matchers/Equals java/lang/Object
org/junit/internal/runners/MethodRoadie java/lang/Object
org/apache/commons/lang3/CharSet java/lang/Object
org/apache/commons/lang3/text/StrMatcher$CharSetMatcher org/apache/commons/lang3/text/StrMatcher
org/junit/experimental/max/MaxHistory java/lang/Object
org/junit/internal/runners/statements/FailOnTimeout$CallableStatement java/lang/Object
org/junit/internal/MethodSorter$1 java/lang/Object
org/easymock/internal/matchers/StartsWith java/lang/Object
org/apache/commons/lang3/tuple/ImmutablePair org/apache/commons/lang3/tuple/Pair
org/apache/commons/io/filefilter/DelegateFileFilter org/apache/commons/io/filefilter/AbstractFileFilter
org/apache/commons/lang3/builder/ReflectionToStringBuilder org/apache/commons/lang3/builder/ToStringBuilder
org/junit/experimental/results/FailureList java/lang/Object
org/easymock/internal/ReplayState java/lang/Object
org/junit/rules/TestName org/junit/rules/TestWatcher
net/sf/cglib/beans/BeanMapEmitter net/sf/cglib/core/ClassEmitter
org/apache/commons/lang3/builder/ReflectionToStringBuilderMutateInspectConcurrencyTest$TestFixture java/lang/Object
org/apache/commons/lang3/tuple/Pair java/lang/Object
org/easymock/internal/ClassProxyFactory$2 net/sf/cglib/proxy/Enhancer
org/apache/commons/io/comparator/CompositeFileComparator org/apache/commons/io/comparator/AbstractFileComparator
org/easymock/internal/ClassProxyFactory$1 net/sf/cglib/core/DefaultNamingPolicy
org/apache/commons/lang3/builder/ToStringStyleConcurrencyTest java/lang/Object
org/apache/commons/lang3/CharRange java/lang/Object
org/apache/commons/lang3/reflect/TypeUtilsTest$That java/lang/Object
org/junit/runners/Parameterized org/junit/runners/Suite
net/sf/cglib/beans/BeanCopier java/lang/Object
org/easymock/internal/UnorderedBehavior java/lang/Object
org/easymock/internal/ExpectedInvocation java/lang/Object
org/apache/commons/lang3/EnumUtilsTest java/lang/Object
org/junit/internal/runners/FailedBefore java/lang/Exception
org/apache/commons/io/filefilter/TrueFileFilter java/lang/Object
org/apache/commons/lang3/time/DateFormatUtils java/lang/Object
net/sf/cglib/asm/signature/SignatureReader java/lang/Object
org/apache/commons/lang3/time/DurationFormatUtils java/lang/Object
org/junit/internal/runners/statements/FailOnTimeout$1 java/lang/Object
org/apache/commons/lang3/ClassUtils java/lang/Object
org/junit/validator/AnnotationValidator java/lang/Object
org/apache/commons/lang3/exception/ExceptionUtilsTest$ExceptionWithoutCause java/lang/Exception
org/apache/commons/lang3/math/NumberUtilsTest java/lang/Object
org/apache/commons/lang3/time/DateUtilsFragmentTest java/lang/Object
org/apache/commons/lang3/concurrent/TimedSemaphoreTest$TimedSemaphoreTestImpl org/apache/commons/lang3/concurrent/TimedSemaphore
org/apache/commons/lang3/concurrent/AtomicSafeInitializerTest$AtomicSafeInitializerTestImpl org/apache/commons/lang3/concurrent/AtomicSafeInitializer
org/junit/experimental/theories/internal/AllMembersSupplier org/junit/experimental/theories/ParameterSupplier
org/junit/runner/notification/StoppedByUserException java/lang/RuntimeException
net/sf/cglib/asm/Edge java/lang/Object
org/objenesis/strategy/SerializingInstantiatorStrategy org/objenesis/strategy/BaseInstantiatorStrategy
org/junit/validator/AnnotationsValidator$FieldValidator org/junit/validator/AnnotationsValidator$AnnotatableValidator
org/junit/experimental/max/MaxCore$1 org/junit/runner/Request
net/sf/cglib/core/ClassEmitter$2 net/sf/cglib/asm/MethodAdapter
org/apache/commons/lang3/reflect/AClass$FClass org/apache/commons/lang3/reflect/AClass$EClass
net/sf/cglib/core/ClassEmitter$3 net/sf/cglib/core/CodeEmitter
junit/textui/ResultPrinter java/lang/Object
net/sf/cglib/util/ParallelSorter$LongComparer java/lang/Object
org/apache/commons/lang3/CharSetTest java/lang/Object
net/sf/cglib/core/ClassEmitter$1 net/sf/cglib/core/ClassInfo
org/apache/commons/io/output/ClosedOutputStream java/io/OutputStream
org/apache/commons/lang3/text/ExtendedMessageFormatTest$UpperCaseFormat java/text/Format
org/apache/commons/io/input/ReversedLinesFileReader java/lang/Object
org/junit/runner/manipulation/Sorter java/lang/Object
org/junit/internal/runners/statements/FailOnTimeout org/junit/runners/model/Statement
org/junit/experimental/theories/Theories$TheoryAnchor org/junit/runners/model/Statement
org/junit/runners/model/FrameworkMethod org/junit/runners/model/FrameworkMember
org/junit/internal/runners/JUnit38ClassRunner org/junit/runner/Runner
org/apache/commons/lang3/StringEscapeUtilsTest java/lang/Object
org/junit/internal/MethodSorter$2 java/lang/Object
org/junit/runner/JUnitCommandLineParseResult java/lang/Object
org/objenesis/instantiator/sun/SunReflectionFactoryInstantiator java/lang/Object
org/apache/commons/lang3/mutable/MutableByte java/lang/Number
org/apache/commons/lang3/text/translate/NumericEntityEscaper org/apache/commons/lang3/text/translate/CodePointTranslator
org/apache/commons/lang3/concurrent/TimedSemaphoreTest$SemaphoreThread java/lang/Thread
org/hamcrest/core/CombinableMatcher$CombinableBothMatcher java/lang/Object
org/apache/commons/io/input/BrokenInputStream java/io/InputStream
org/apache/commons/lang3/builder/CompareToBuilderTest$TestObject java/lang/Object
org/apache/commons/lang3/tuple/PairTest java/lang/Object
org/junit/experimental/categories/IncludeCategories$IncludesAny org/junit/experimental/categories/Categories$CategoryFilter
net/sf/cglib/transform/impl/FieldProviderTransformer net/sf/cglib/transform/ClassEmitterTransformer
org/apache/commons/io/input/TaggedInputStream org/apache/commons/io/input/ProxyInputStream
net/sf/cglib/transform/AbstractClassFilterTransformer net/sf/cglib/transform/AbstractClassTransformer
org/apache/commons/lang3/exception/DefaultExceptionContextTest org/apache/commons/lang3/exception/AbstractExceptionContextTest
org/junit/experimental/categories/CategoryValidator org/junit/validator/AnnotationValidator
org/junit/experimental/theories/internal/AllMembersSupplier$MethodParameterValue org/junit/experimental/theories/PotentialAssignment
org/apache/commons/lang3/builder/ReflectionToStringBuilderConcurrencyTest$1 java/lang/Object
org/junit/runners/Suite org/junit/runners/ParentRunner
org/apache/commons/lang3/builder/ReflectionToStringBuilderConcurrencyTest$2 java/lang/Object
org/apache/commons/lang3/builder/CompareToBuilderTest java/lang/Object
org/easymock/internal/ClassExtensionHelper java/lang/Object
org/easymock/internal/Invocation java/lang/Object
org/apache/commons/lang3/builder/ToStringStyleTest$Person java/lang/Object
net/sf/cglib/beans/BulkBeanEmitter net/sf/cglib/core/ClassEmitter
org/apache/commons/lang3/Range$ComparableComparator java/lang/Enum
org/apache/commons/lang3/event/EventListenerSupport$ProxyInvocationHandler java/lang/Object
org/apache/commons/lang3/mutable/MutableBoolean java/lang/Object
org/apache/commons/lang3/time/FastDateFormatTest$2 java/lang/Object
net/sf/cglib/core/ClassNameReader$EarlyExitException java/lang/RuntimeException
org/easymock/internal/matchers/EqualsWithDelta java/lang/Object
net/sf/cglib/transform/MethodVisitorTee java/lang/Object
org/apache/commons/io/input/NullReader java/io/Reader
org/apache/commons/lang3/time/FastDateFormatTest$1 java/text/SimpleDateFormat
org/apache/commons/lang3/concurrent/ConcurrentRuntimeException java/lang/RuntimeException
org/apache/commons/lang3/ClassUtilsTest$3Named java/lang/Object
org/apache/commons/io/filefilter/AgeFileFilter org/apache/commons/io/filefilter/AbstractFileFilter
junit/framework/TestSuite java/lang/Object
org/apache/commons/lang3/JavaVersionTest java/lang/Object
org/easymock/internal/MockInvocationHandler java/lang/Object
org/hamcrest/CoreMatchers java/lang/Object
org/apache/commons/lang3/exception/ContextedException java/lang/Exception
junit/framework/Assert java/lang/Object
org/easymock/internal/ArgumentToString java/lang/Object
org/junit/experimental/theories/internal/BooleanSupplier org/junit/experimental/theories/ParameterSupplier
org/hamcrest/core/Every org/hamcrest/TypeSafeDiagnosingMatcher
org/easymock/internal/ObjectMethodsFilter java/lang/Object
org/junit/runners/model/TestClass$FieldComparator java/lang/Object
net/sf/cglib/proxy/Mixin$Route java/lang/Object
org/easymock/internal/matchers/ArrayEquals org/easymock/internal/matchers/Equals
org/apache/commons/lang3/concurrent/AbstractConcurrentInitializerTest$1GetThread java/lang/Thread
org/hamcrest/Description$NullDescription java/lang/Object
org/junit/runner/JUnitCore java/lang/Object
net/sf/cglib/core/LocalVariablesSorter$State java/lang/Object
org/apache/commons/lang3/mutable/MutableLongTest java/lang/Object
org/apache/commons/lang3/SystemUtils java/lang/Object
net/sf/cglib/proxy/BridgeMethodResolver$BridgedFinder java/lang/Object
org/easymock/internal/ClassProxyFactory$MockMethodInterceptor java/lang/Object
net/sf/cglib/proxy/MethodInterceptorGenerator$2 java/lang/Object
org/junit/rules/Stopwatch$Clock java/lang/Object
net/sf/cglib/proxy/MethodInterceptorGenerator$1 java/lang/Object
org/apache/commons/lang3/text/StrMatcher$NoMatcher org/apache/commons/lang3/text/StrMatcher
org/junit/rules/TestWatcher java/lang/Object
junit/framework/ComparisonCompactor java/lang/Object
net/sf/cglib/core/DebuggingClassWriter net/sf/cglib/asm/ClassWriter
org/junit/internal/runners/rules/RuleMemberValidator$1 java/lang/Object
net/sf/cglib/core/EmitUtils java/lang/Object
org/apache/commons/lang3/concurrent/BasicThreadFactory java/lang/Object
net/sf/cglib/core/TypeUtils java/lang/Object
org/junit/internal/runners/rules/RuleMemberValidator$FieldMustBeATestRule java/lang/Object
org/easymock/internal/Result$1DelegatingAnswer java/lang/Object
org/apache/commons/lang3/mutable/MutableObject java/lang/Object
org/apache/commons/io/filefilter/OrFileFilter org/apache/commons/io/filefilter/AbstractFileFilter
org/apache/commons/lang3/text/StrLookup java/lang/Object
org/apache/commons/io/FileCleaningTracker java/lang/Object
net/sf/cglib/reflect/FastClassEmitter$GetIndexCallback java/lang/Object
org/apache/commons/lang3/text/StrBuilder$StrBuilderTokenizer org/apache/commons/lang3/text/StrTokenizer
org/apache/commons/lang3/concurrent/MultiBackgroundInitializerTest java/lang/Object
net/sf/cglib/util/ParallelSorter$ComparatorComparer java/lang/Object
org/apache/commons/io/CopyUtils java/lang/Object
org/junit/internal/builders/AnnotatedBuilder org/junit/runners/model/RunnerBuilder
org/apache/commons/lang3/event/EventListenerSupportTest java/lang/Object
org/apache/commons/io/filefilter/PrefixFileFilter org/apache/commons/io/filefilter/AbstractFileFilter
org/junit/runners/model/InitializationError java/lang/Exception
org/apache/commons/lang3/EnumUtils java/lang/Object
org/apache/commons/lang3/builder/HashCodeBuilderAndEqualsBuilderTest$AllTransientFixture java/lang/Object
org/apache/commons/lang3/StringUtilsTest$1 java/lang/Object
org/apache/commons/lang3/text/FormattableUtilsTest java/lang/Object
org/apache/commons/lang3/StringEscapeUtils$CsvEscaper org/apache/commons/lang3/text/translate/CharSequenceTranslator
org/apache/commons/lang3/event/EventListenerSupportTest$3 java/lang/Object
org/apache/commons/io/FileUtils java/lang/Object
org/apache/commons/lang3/event/EventListenerSupportTest$4 java/lang/Object
net/sf/cglib/asm/Label java/lang/Object
org/apache/commons/lang3/event/EventListenerSupportTest$1 java/lang/Object
org/apache/commons/lang3/event/EventListenerSupportTest$2 org/apache/commons/lang3/event/EventListenerSupport
org/hamcrest/Condition java/lang/Object
org/objenesis/instantiator/basic/ObjectInputStreamInstantiator java/lang/Object
org/easymock/internal/MethodSerializationWrapper java/lang/Object
org/apache/commons/lang3/builder/ToStringBuilderTest java/lang/Object
net/sf/cglib/asm/ClassAdapter java/lang/Object
org/apache/commons/lang3/Conversion java/lang/Object
net/sf/cglib/transform/impl/AccessFieldTransformer net/sf/cglib/transform/ClassEmitterTransformer
org/junit/internal/runners/ClassRoadie java/lang/Object
net/sf/cglib/beans/BulkBeanException java/lang/RuntimeException
org/junit/experimental/max/MaxHistory$RememberingListener org/junit/runner/notification/RunListener
org/junit/experimental/theories/PotentialAssignment$1 org/junit/experimental/theories/PotentialAssignment
org/junit/runner/FilterFactory$FilterNotCreatedException java/lang/Exception
net/sf/cglib/asm/MethodAdapter java/lang/Object
org/apache/commons/lang3/builder/EqualsBuilderTest$TestBCanEqualA java/lang/Object
org/junit/internal/runners/rules/RuleMemberValidator$DeclaringClassMustBePublic java/lang/Object
junit/framework/JUnit4TestAdapterCache java/util/HashMap
org/apache/commons/lang3/CharUtils java/lang/Object
junit/extensions/TestDecorator junit/framework/Assert
org/apache/commons/lang3/AnnotationUtils java/lang/Object
org/apache/commons/lang3/ObjectUtilsTest$CloneableString org/apache/commons/lang3/mutable/MutableObject
org/apache/commons/io/output/NullOutputStream java/io/OutputStream
org/junit/rules/Stopwatch$InternalWatcher org/junit/rules/TestWatcher
org/apache/commons/lang3/reflect/testbed/StaticContainer java/lang/Object
org/apache/commons/lang3/reflect/AAAClass$BBBClass org/apache/commons/lang3/reflect/AAClass$BBClass
org/easymock/internal/matchers/Compare java/lang/Object
org/apache/commons/lang3/concurrent/TimedSemaphore$1 java/lang/Object
org/apache/commons/lang3/AnnotationUtilsTest$Stooge java/lang/Enum
net/sf/cglib/proxy/MixinEmitter net/sf/cglib/core/ClassEmitter
net/sf/cglib/transform/impl/UndeclaredThrowableStrategy$1 java/lang/Object
org/apache/commons/lang3/builder/ToStringBuilderTest$SelfInstanceTwoVarsReflectionTestFixture java/lang/Object
org/apache/commons/lang3/time/FormatCache java/lang/Object
org/easymock/internal/matchers/NotNull java/lang/Object
net/sf/cglib/reflect/MulticastDelegate$Generator$1 java/lang/Object
org/hamcrest/core/AllOf org/hamcrest/DiagnosingMatcher
net/sf/cglib/proxy/MethodInterceptorGenerator java/lang/Object
org/apache/commons/lang3/text/StrLookup$MapStrLookup org/apache/commons/lang3/text/StrLookup
org/apache/commons/lang3/math/NumberUtils java/lang/Object
org/apache/commons/lang3/reflect/TypeUtils java/lang/Object
org/apache/commons/lang3/concurrent/MultiBackgroundInitializer$1 java/lang/Object
org/apache/commons/lang3/time/FastDateParserTest java/lang/Object
org/apache/commons/io/output/TeeOutputStream org/apache/commons/io/output/ProxyOutputStream
org/apache/commons/lang3/text/StrSubstitutor java/lang/Object
org/apache/commons/lang3/builder/CompareToBuilderTest$TestSubObject org/apache/commons/lang3/builder/CompareToBuilderTest$TestObject
net/sf/cglib/core/Local java/lang/Object
org/junit/internal/builders/AllDefaultPossibilitiesBuilder org/junit/runners/model/RunnerBuilder
org/apache/commons/lang3/concurrent/AbstractConcurrentInitializerTest java/lang/Object
org/junit/internal/runners/MethodValidator java/lang/Object
org/easymock/internal/RuntimeExceptionWrapper java/lang/RuntimeException
org/apache/commons/lang3/builder/ToStringStyleTest$1 java/lang/Object
org/apache/commons/lang3/ClassUtilsTest$8Named java/lang/Object
org/apache/commons/lang3/time/DateFormatUtilsTest java/lang/Object
org/junit/internal/ComparisonCriteria java/lang/Object
org/apache/commons/lang3/tuple/ImmutableTripleTest java/lang/Object
net/sf/cglib/transform/TransformingClassGenerator java/lang/Object
org/apache/commons/lang3/reflect/testbed/PubliclyShadowedChild org/apache/commons/lang3/reflect/testbed/Parent
org/junit/rules/ExpectedExceptionMatcherBuilder java/lang/Object
org/apache/commons/lang3/event/EventUtilsTest$1 java/lang/Object
net/sf/cglib/proxy/Proxy$1 java/lang/Object
org/apache/commons/io/Charsets java/lang/Object
net/sf/cglib/reflect/MulticastDelegate$Generator net/sf/cglib/core/AbstractClassGenerator
org/apache/commons/lang3/reflect/testbed/StaticContainerChild org/apache/commons/lang3/reflect/testbed/StaticContainer
junit/textui/TestRunner junit/runner/BaseTestRunner
net/sf/cglib/core/Signature java/lang/Object
org/apache/commons/lang3/ArrayUtilsRemoveTest java/lang/Object
org/easymock/internal/MocksControl$MockType java/lang/Enum
net/sf/cglib/core/AbstractClassGenerator java/lang/Object
org/objenesis/instantiator/basic/ObjectInputStreamInstantiator$MockStream java/io/InputStream
org/apache/commons/io/comparator/PathFileComparator org/apache/commons/io/comparator/AbstractFileComparator
net/sf/cglib/beans/BeanMap java/lang/Object
org/junit/internal/requests/ClassRequest org/junit/runner/Request
net/sf/cglib/core/LocalVariablesSorter$1 java/lang/Object
net/sf/cglib/proxy/Mixin$Generator net/sf/cglib/core/AbstractClassGenerator
net/sf/cglib/asm/signature/SignatureWriter java/lang/Object
net/sf/cglib/core/CodeEmitter$State net/sf/cglib/core/MethodInfo
org/apache/commons/lang3/CharRange$1 java/lang/Object
org/apache/commons/io/input/XmlStreamReaderException java/io/IOException
org/junit/validator/AnnotationsValidator$MethodValidator org/junit/validator/AnnotationsValidator$AnnotatableValidator
org/hamcrest/core/StringStartsWith org/hamcrest/core/SubstringMatcher
org/apache/commons/io/FileCleaningTracker$Tracker java/lang/ref/PhantomReference
net/sf/cglib/transform/ClassFilterTransformer net/sf/cglib/transform/AbstractClassFilterTransformer
org/junit/Test$None java/lang/Throwable
net/sf/cglib/proxy/NoOp$1 java/lang/Object
org/junit/runners/AllTests org/junit/internal/runners/SuiteMethod
org/junit/experimental/results/PrintableResult java/lang/Object
org/apache/commons/lang3/reflect/AAClass$BBClass java/lang/Object
org/easymock/internal/RecordState java/lang/Object
org/junit/runners/model/Statement java/lang/Object
org/junit/ComparisonFailure$1 java/lang/Object
org/apache/commons/lang3/ClassUtilsTest$1Named java/lang/Object
net/sf/cglib/transform/ClassTransformerTee net/sf/cglib/asm/ClassAdapter
org/junit/experimental/max/MaxHistory$TestComparator java/lang/Object
org/objenesis/ObjenesisHelper java/lang/Object
org/apache/commons/lang3/event/EventUtilsTest$PropertyChangeSource java/lang/Object
org/apache/commons/lang3/time/FastDateParser$TextStrategy org/apache/commons/lang3/time/FastDateParser$Strategy
org/easymock/internal/LastControl java/lang/Object
org/junit/internal/runners/model/MultipleFailureException org/junit/runners/model/MultipleFailureException
net/sf/cglib/core/ClassNameReader java/lang/Object
net/sf/cglib/util/ParallelSorterEmitter net/sf/cglib/core/ClassEmitter
org/apache/commons/lang3/text/StrTokenizer java/lang/Object
net/sf/cglib/transform/impl/AddInitTransformer$1 net/sf/cglib/core/CodeEmitter
org/junit/experimental/theories/ParameterSignature java/lang/Object
org/apache/commons/lang3/text/StrBuilder java/lang/Object
net/sf/cglib/proxy/Enhancer$5 java/lang/Object
net/sf/cglib/proxy/Enhancer$6 java/lang/Object
net/sf/cglib/proxy/Enhancer$3 java/lang/Object
net/sf/cglib/proxy/Enhancer$4 java/lang/Object
net/sf/cglib/proxy/Enhancer$1 java/lang/Object
net/sf/cglib/proxy/Enhancer$2 java/lang/Object
org/objenesis/instantiator/jrockit/JRockit131Instantiator java/lang/Object
org/junit/internal/TextListener org/junit/runner/notification/RunListener
org/hamcrest/FeatureMatcher org/hamcrest/TypeSafeDiagnosingMatcher
org/apache/commons/lang3/text/StrMatcherTest java/lang/Object
org/apache/commons/lang3/time/FastDatePrinter$TimeZoneNameRule java/lang/Object
org/apache/commons/lang3/text/CompositeFormat java/text/Format
org/apache/commons/lang3/reflect/MethodUtilsTest$InheritanceBean java/lang/Object
org/apache/commons/lang3/text/ExtendedMessageFormatTest$UpperCaseFormatFactory java/lang/Object
org/apache/commons/lang3/text/ExtendedMessageFormatTest$1 java/lang/Object
net/sf/cglib/proxy/DispatcherGenerator java/lang/Object
org/apache/commons/lang3/concurrent/ConstantInitializer java/lang/Object
org/hamcrest/core/CombinableMatcher org/hamcrest/TypeSafeDiagnosingMatcher
org/apache/commons/lang3/builder/HashCodeBuilderTest java/lang/Object
net/sf/cglib/beans/ImmutableBean$Generator net/sf/cglib/core/AbstractClassGenerator
org/apache/commons/lang3/builder/StandardToStringStyleTest java/lang/Object
org/apache/commons/lang3/exception/ExceptionUtils java/lang/Object
org/apache/commons/lang3/ClassUtilsTest$Inner java/lang/Object
org/apache/commons/lang3/builder/ReflectionToStringBuilderMutateInspectConcurrencyTest$MutatingClient java/lang/Object
org/apache/commons/io/filefilter/HiddenFileFilter org/apache/commons/io/filefilter/AbstractFileFilter
org/apache/commons/lang3/Range java/lang/Object
net/sf/cglib/reflect/ConstructorDelegate$Generator net/sf/cglib/core/AbstractClassGenerator
org/apache/commons/lang3/exception/ExceptionUtilsTest$ExceptionWithCause java/lang/Exception
org/apache/commons/lang3/ObjectUtilsTest$NonComparableCharSequence java/lang/Object
org/hamcrest/core/Is org/hamcrest/BaseMatcher
org/apache/commons/lang3/reflect/TypeUtilsTest$Tester java/lang/Object
org/easymock/internal/matchers/Not java/lang/Object
org/apache/commons/lang3/builder/ReflectionToStringBuilderConcurrencyTest$CollectionHolder java/lang/Object
org/apache/commons/lang3/builder/ToStringBuilderTest$Outer java/lang/Object
org/apache/commons/lang3/mutable/MutableDoubleTest java/lang/Object
junit/framework/TestCase junit/framework/Assert
org/apache/commons/lang3/mutable/MutableShort java/lang/Number
org/easymock/internal/matchers/CompareTo java/lang/Object
org/easymock/internal/matchers/GreaterOrEqual org/easymock/internal/matchers/CompareTo
org/apache/commons/lang3/time/FastDatePrinter$CharacterLiteral java/lang/Object
org/apache/commons/lang3/reflect/MethodUtilsTest$TestBeanWithInterfaces java/lang/Object
org/junit/runners/model/MultipleFailureException java/lang/Exception
org/apache/commons/lang3/LocaleUtils$SyncAvoid java/lang/Object
org/apache/commons/io/output/XmlStreamWriter java/io/Writer
org/hamcrest/core/ShortcutCombination org/hamcrest/BaseMatcher
org/apache/commons/lang3/ArrayUtilsRemoveMultipleTest java/lang/Object
org/apache/commons/lang3/builder/MultiLineToStringStyleTest java/lang/Object
net/sf/cglib/transform/impl/AddDelegateTransformer net/sf/cglib/transform/ClassEmitterTransformer
org/apache/commons/lang3/StringUtilsSubstringTest java/lang/Object
org/apache/commons/lang3/builder/ToStringBuilderTest$SelfInstanceVarReflectionTestFixture java/lang/Object
org/junit/rules/TemporaryFolder org/junit/rules/ExternalResource
org/objenesis/instantiator/gcj/GCJInstantiatorBase$DummyStream java/io/ObjectInputStream
org/junit/internal/MethodSorter java/lang/Object
org/apache/commons/lang3/time/FastDatePrinter$TimeZoneNumberRule java/lang/Object
org/apache/commons/lang3/concurrent/AtomicInitializerTest$1 org/apache/commons/lang3/concurrent/AtomicInitializer
net/sf/cglib/core/ClassEmitter net/sf/cglib/asm/ClassAdapter
org/apache/commons/lang3/text/translate/OctalUnescaperTest java/lang/Object
org/apache/commons/lang3/builder/ReflectionToStringBuilderMutateInspectConcurrencyTest$InspectingClient java/lang/Object
org/hamcrest/TypeSafeDiagnosingMatcher org/hamcrest/BaseMatcher
org/apache/commons/lang3/builder/HashCodeBuilder java/lang/Object
org/apache/commons/lang3/builder/ToStringStyleTest$ToStringStyleImpl org/apache/commons/lang3/builder/ToStringStyle
net/sf/cglib/proxy/MethodProxy$FastClassInfo java/lang/Object
org/easymock/internal/matchers/Contains java/lang/Object
net/sf/cglib/reflect/FastMember java/lang/Object
org/junit/Assert java/lang/Object
org/apache/commons/lang3/ValidateTest java/lang/Object
org/apache/commons/lang3/concurrent/BackgroundInitializer java/lang/Object
org/easymock/Capture$1 java/lang/Object
org/junit/internal/runners/JUnit38ClassRunner$OldTestClassAdaptingListener java/lang/Object
org/apache/commons/lang3/ClassUtilsTest$CX java/lang/Object
org/apache/commons/lang3/builder/EqualsBuilderTest java/lang/Object
org/apache/commons/lang3/mutable/MutableDouble java/lang/Number
org/apache/commons/lang3/ClassUtilsTest$CY org/apache/commons/lang3/ClassUtilsTest$CX
org/apache/commons/lang3/CharUtilsPerfRun java/lang/Object
org/apache/commons/io/input/AutoCloseInputStream org/apache/commons/io/input/ProxyInputStream
org/easymock/internal/matchers/CompareEqual org/easymock/internal/matchers/CompareTo
org/apache/commons/lang3/text/StrSubstitutorTest$1 org/apache/commons/lang3/text/StrSubstitutor
org/hamcrest/core/StringContains org/hamcrest/core/SubstringMatcher
org/apache/commons/lang3/exception/AbstractExceptionContextTest java/lang/Object
org/apache/commons/lang3/text/translate/NumericEntityUnescaperTest java/lang/Object
org/apache/commons/lang3/text/translate/LookupTranslator org/apache/commons/lang3/text/translate/CharSequenceTranslator
org/apache/commons/lang3/concurrent/BackgroundInitializerTest$BackgroundInitializerTestImpl org/apache/commons/lang3/concurrent/BackgroundInitializer
org/apache/commons/lang3/time/FastDateParser java/lang/Object
org/junit/internal/runners/rules/RuleMemberValidator$MemberMustBePublic java/lang/Object
org/apache/commons/io/DirectoryWalker$CancelException java/io/IOException
org/apache/commons/lang3/AnnotationUtilsTest java/lang/Object
org/apache/commons/lang3/ClassUtilsTest$2Named java/lang/Object
org/junit/runner/notification/SynchronizedRunListener org/junit/runner/notification/RunListener
org/apache/commons/lang3/StringUtilsEqualsIndexOfTest$CustomCharSequence java/lang/Object
org/apache/commons/lang3/builder/HashCodeBuilderAndEqualsBuilderTest$SubAllTransientFixture org/apache/commons/lang3/builder/HashCodeBuilderAndEqualsBuilderTest$AllTransientFixture
org/apache/commons/lang3/reflect/ConstructorUtilsTest$TestBean java/lang/Object
net/sf/cglib/core/ClassEmitter$FieldInfo java/lang/Object
org/easymock/internal/DefaultClassInstantiator java/lang/Object
org/junit/runners/model/RunnerBuilder java/lang/Object
junit/extensions/ActiveTestSuite junit/framework/TestSuite
org/apache/commons/lang3/mutable/MutableFloatTest java/lang/Object
net/sf/cglib/beans/FixedKeySet java/util/AbstractSet
org/junit/internal/runners/statements/Fail org/junit/runners/model/Statement
org/apache/commons/lang3/time/FastDateParser$CopyQuotedStrategy org/apache/commons/lang3/time/FastDateParser$Strategy
org/apache/commons/lang3/StringEscapeUtils$CsvUnescaper org/apache/commons/lang3/text/translate/CharSequenceTranslator
net/sf/cglib/transform/impl/InterceptFieldTransformer net/sf/cglib/transform/ClassEmitterTransformer
junit/framework/TestResult$1 java/lang/Object
org/junit/runners/model/FrameworkField org/junit/runners/model/FrameworkMember
org/junit/validator/AnnotationsValidator$AnnotatableValidator java/lang/Object
net/sf/cglib/proxy/MixinBeanEmitter net/sf/cglib/proxy/MixinEmitter
org/junit/internal/builders/NullBuilder org/junit/runners/model/RunnerBuilder
junit/framework/JUnit4TestAdapter java/lang/Object
org/apache/commons/lang3/reflect/MethodUtilsTest$ParentObject org/apache/commons/lang3/reflect/MethodUtilsTest$GrandParentObject
org/easymock/internal/EasyMockProperties java/lang/Object
org/apache/commons/lang3/reflect/testbed/Ambig java/lang/Object
org/apache/commons/lang3/concurrent/ConcurrentUtilsTest java/lang/Object
org/apache/commons/lang3/ObjectUtils$Null java/lang/Object
net/sf/cglib/transform/impl/UndeclaredThrowableStrategy net/sf/cglib/core/DefaultGeneratorStrategy
org/apache/commons/lang3/StringUtilsTrimEmptyTest java/lang/Object
org/apache/commons/lang3/time/FastDatePrinter$TwoDigitMonthField java/lang/Object
net/sf/cglib/asm/FieldWriter java/lang/Object
org/apache/commons/lang3/reflect/ConstructorUtils java/lang/Object
org/apache/commons/lang3/text/StrSubstitutorTest java/lang/Object
org/apache/commons/io/output/LockableFileWriter java/io/Writer
org/apache/commons/lang3/CharSetUtils java/lang/Object
org/junit/internal/runners/SuiteMethod org/junit/internal/runners/JUnit38ClassRunner
org/apache/commons/lang3/tuple/MutablePairTest java/lang/Object
net/sf/cglib/asm/Type java/lang/Object
org/apache/commons/lang3/exception/ContextedRuntimeExceptionTest org/apache/commons/lang3/exception/AbstractExceptionContextTest
org/apache/commons/lang3/StringUtilsIsTest java/lang/Object
org/junit/internal/builders/JUnit3Builder org/junit/runners/model/RunnerBuilder
org/hamcrest/core/AnyOf org/hamcrest/core/ShortcutCombination
net/sf/cglib/proxy/BridgeMethodResolver java/lang/Object
org/apache/commons/lang3/text/WordUtils java/lang/Object
org/junit/experimental/theories/Theories org/junit/runners/BlockJUnit4ClassRunner
org/apache/commons/lang3/builder/ToStringStyle$MultiLineToStringStyle org/apache/commons/lang3/builder/ToStringStyle
org/easymock/internal/ExpectedInvocationAndResults java/lang/Object
org/apache/commons/lang3/concurrent/LazyInitializerTest$LazyInitializerTestImpl org/apache/commons/lang3/concurrent/LazyInitializer
org/apache/commons/lang3/mutable/MutableLong java/lang/Number
org/junit/runners/BlockJUnit4ClassRunner$1 org/junit/internal/runners/model/ReflectiveCallable
junit/framework/TestResult java/lang/Object
org/junit/runners/MethodSorters java/lang/Enum
org/junit/runner/Result java/lang/Object
org/apache/commons/lang3/reflect/AClass$GClass java/lang/Object
org/junit/runners/model/TestClass java/lang/Object
org/apache/commons/io/comparator/ExtensionFileComparator org/apache/commons/io/comparator/AbstractFileComparator
org/hamcrest/internal/SelfDescribingValueIterator java/lang/Object
org/junit/experimental/categories/IncludeCategories org/junit/experimental/categories/CategoryFilterFactory
org/apache/commons/io/filefilter/CanReadFileFilter org/apache/commons/io/filefilter/AbstractFileFilter
org/junit/runner/Runner java/lang/Object
net/sf/cglib/core/KeyFactory$2 java/lang/Object
net/sf/cglib/core/KeyFactory$1 java/lang/Object
org/apache/commons/lang3/time/FastDateParser$TimeZoneStrategy org/apache/commons/lang3/time/FastDateParser$Strategy
org/easymock/internal/Result$1ReturningAnswer java/lang/Object
org/junit/internal/runners/rules/ValidationError java/lang/Exception
org/apache/commons/lang3/builder/IDKey java/lang/Object
org/apache/commons/lang3/reflect/AClass org/apache/commons/lang3/reflect/AAClass$BBClass
org/apache/commons/lang3/SerializationUtilsTest java/lang/Object
org/junit/internal/Classes java/lang/Object
org/apache/commons/lang3/LocaleUtils java/lang/Object
org/apache/commons/io/DirectoryWalker java/lang/Object
net/sf/cglib/proxy/MethodProxy$CreateInfo java/lang/Object
org/apache/commons/lang3/SerializationUtils$ClassLoaderAwareObjectInputStream java/io/ObjectInputStream
org/apache/commons/io/EndianUtils java/lang/Object
junit/framework/JUnit4TestCaseFacade java/lang/Object
org/apache/commons/lang3/builder/ToStringBuilderTest$MultiLineTestObject java/lang/Object
org/hamcrest/CustomMatcher org/hamcrest/BaseMatcher
org/apache/commons/lang3/ClassUtilsTest$4 java/lang/Object
org/apache/commons/lang3/ClassUtilsTest$5 java/lang/Object
org/apache/commons/io/comparator/NameFileComparator org/apache/commons/io/comparator/AbstractFileComparator
org/apache/commons/lang3/ClassUtilsTest$2 java/lang/Object
org/apache/commons/lang3/builder/SimpleToStringStyleTest java/lang/Object
org/apache/commons/io/output/ProxyOutputStream java/io/FilterOutputStream
org/apache/commons/lang3/ClassUtilsTest$3 java/lang/Object
org/apache/commons/lang3/ClassUtilsTest$8 java/lang/Object
net/sf/cglib/util/ParallelSorter$Generator net/sf/cglib/core/AbstractClassGenerator
org/apache/commons/lang3/ClassUtilsTest$9 java/lang/Object
org/apache/commons/lang3/ClassUtilsTest$6 java/lang/Object
org/apache/commons/lang3/ClassUtilsTest$7 java/lang/Object
org/junit/runners/model/TestClass$1 java/lang/Object
org/apache/commons/lang3/concurrent/CallableBackgroundInitializer org/apache/commons/lang3/concurrent/BackgroundInitializer
net/sf/cglib/core/DuplicatesPredicate java/lang/Object
net/sf/cglib/proxy/MethodProxy$1 java/lang/Object
org/apache/commons/io/filefilter/RegexFileFilter org/apache/commons/io/filefilter/AbstractFileFilter
org/apache/commons/lang3/AnnotationUtilsTest$1 java/lang/Object
org/apache/commons/lang3/text/translate/EntityArraysTest java/lang/Object
net/sf/cglib/transform/FieldVisitorTee java/lang/Object
net/sf/cglib/asm/MethodWriter java/lang/Object
org/apache/commons/lang3/reflect/MethodUtilsTest$TestBean java/lang/Object
org/apache/commons/lang3/reflect/AClass$EClass org/apache/commons/lang3/reflect/AClass$DClass
org/apache/commons/lang3/SerializationUtilsTest$1 java/io/OutputStream
org/objenesis/ObjenesisException java/lang/RuntimeException
org/apache/commons/lang3/concurrent/LazyInitializer java/lang/Object
org/apache/commons/lang3/mutable/MutableFloat java/lang/Number
org/apache/commons/lang3/reflect/FieldUtilsTest java/lang/Object
org/easymock/internal/matchers/Captures java/lang/Object
org/apache/commons/lang3/builder/EqualsBuilderTest$TestTSubObject2 org/apache/commons/lang3/builder/EqualsBuilderTest$TestObject
org/apache/commons/lang3/builder/CompareToBuilder java/lang/Object
org/objenesis/instantiator/perc/PercSerializationInstantiator java/lang/Object
org/apache/commons/lang3/time/FastDatePrinter$TwentyFourHourField java/lang/Object
org/apache/commons/lang3/BooleanUtils java/lang/Object
org/objenesis/ObjenesisStd org/objenesis/ObjenesisBase
org/apache/commons/io/input/BOMInputStream$1 java/lang/Object
org/junit/runner/manipulation/Filter java/lang/Object
org/apache/commons/io/filefilter/NotFileFilter org/apache/commons/io/filefilter/AbstractFileFilter
org/junit/internal/runners/ErrorReportingRunner org/junit/runner/Runner
org/apache/commons/lang3/text/ExtendedMessageFormatTest$LowerCaseFormatFactory java/lang/Object
org/objenesis/instantiator/gcj/GCJInstantiatorBase java/lang/Object
org/apache/commons/lang3/CharSetUtilsTest java/lang/Object
org/easymock/EasyMock java/lang/Object
net/sf/cglib/util/ParallelSorter net/sf/cglib/util/SorterTemplate
org/apache/commons/lang3/text/ExtendedMessageFormatTest$OverrideShortDateFormatFactory java/lang/Object
org/junit/runner/notification/RunNotifier$4 org/junit/runner/notification/RunNotifier$SafeNotifier
org/apache/commons/io/filefilter/SuffixFileFilter org/apache/commons/io/filefilter/AbstractFileFilter
org/apache/commons/lang3/time/FastDateParser$1 org/apache/commons/lang3/time/FastDateParser$NumberStrategy
org/junit/runner/notification/RunNotifier$5 org/junit/runner/notification/RunNotifier$SafeNotifier
org/apache/commons/lang3/time/FastDateParser$2 org/apache/commons/lang3/time/FastDateParser$NumberStrategy
org/junit/runner/notification/RunNotifier$6 org/junit/runner/notification/RunNotifier$SafeNotifier
org/junit/internal/matchers/StacktracePrintingMatcher org/hamcrest/TypeSafeMatcher
org/apache/commons/lang3/time/FastDateParser$3 org/apache/commons/lang3/time/FastDateParser$NumberStrategy
org/junit/runner/notification/RunNotifier$7 org/junit/runner/notification/RunNotifier$SafeNotifier
org/apache/commons/lang3/time/FastDateParser$4 org/apache/commons/lang3/time/FastDateParser$NumberStrategy
org/apache/commons/lang3/time/FastDatePrinter java/lang/Object
org/apache/commons/lang3/time/DurationFormatUtils$Token java/lang/Object
org/apache/commons/io/input/XmlStreamReader java/io/Reader
org/junit/runner/notification/RunNotifier$1 org/junit/runner/notification/RunNotifier$SafeNotifier
org/junit/experimental/results/ResultMatchers java/lang/Object
org/junit/runner/notification/RunNotifier$2 org/junit/runner/notification/RunNotifier$SafeNotifier
org/junit/runner/notification/RunNotifier$3 org/junit/runner/notification/RunNotifier$SafeNotifier
org/apache/commons/lang3/ArrayUtilsAddTest java/lang/Object
org/junit/runner/FilterFactoryParams java/lang/Object
org/apache/commons/lang3/text/FormattableUtils java/lang/Object
org/apache/commons/io/FileCleaningTracker$Reaper java/lang/Thread
org/junit/rules/Verifier$1 org/junit/runners/model/Statement
junit/extensions/ActiveTestSuite$1 java/lang/Thread
org/junit/experimental/categories/ExcludeCategories$ExcludesAny org/junit/experimental/categories/Categories$CategoryFilter
org/apache/commons/lang3/exception/ExceptionUtilsTest java/lang/Object
org/apache/commons/lang3/Traffic java/lang/Enum
org/apache/commons/lang3/ClassUtilsTest$Inner$DeeplyNested java/lang/Object
net/sf/cglib/transform/impl/UndeclaredThrowableTransformer$1 net/sf/cglib/core/CodeEmitter
org/apache/commons/io/monitor/FileAlterationListenerAdaptor java/lang/Object
org/apache/commons/lang3/reflect/testbed/GenericTypeHolder java/lang/Object
org/apache/commons/lang3/text/StrMatcher$CharMatcher org/apache/commons/lang3/text/StrMatcher
net/sf/cglib/util/StringSwitcher java/lang/Object
org/junit/rules/TestWatcher$1 org/junit/runners/model/Statement
org/easymock/internal/matchers/Or java/lang/Object
org/apache/commons/lang3/exception/ContextedRuntimeExceptionTest$1 org/apache/commons/lang3/exception/DefaultExceptionContext
org/junit/experimental/runners/Enclosed org/junit/runners/Suite
net/sf/cglib/asm/ByteVector java/lang/Object
net/sf/cglib/core/LocalVariablesSorter net/sf/cglib/asm/MethodAdapter
org/apache/commons/lang3/text/WordUtilsTest java/lang/Object
org/junit/runner/Result$SerializedForm java/lang/Object
org/apache/commons/lang3/SystemUtilsTest java/lang/Object
org/junit/internal/runners/statements/RunAfters org/junit/runners/model/Statement
org/apache/commons/lang3/RangeTest$3 java/lang/Object
org/apache/commons/lang3/RangeTest$2 java/lang/Object
org/apache/commons/lang3/RangeTest$1 java/lang/Object
org/easymock/CaptureType java/lang/Enum
net/sf/cglib/proxy/Proxy$ProxyImpl net/sf/cglib/proxy/Proxy
org/apache/commons/io/input/BOMInputStream org/apache/commons/io/input/ProxyInputStream
org/apache/commons/lang3/ArrayUtilsTest$1 java/lang/Object
org/apache/commons/io/output/CloseShieldOutputStream org/apache/commons/io/output/ProxyOutputStream
org/apache/commons/io/output/BrokenOutputStream java/io/OutputStream
org/apache/commons/lang3/time/FormatCache$MultipartKey java/lang/Object
org/junit/internal/Throwables java/lang/Object
org/objenesis/strategy/BaseInstantiatorStrategy java/lang/Object
org/apache/commons/lang3/HashSetvBitSetTest java/lang/Object
org/apache/commons/lang3/reflect/ConstructorUtilsTest java/lang/Object
org/apache/commons/lang3/exception/ExceptionUtilsTest$NestableException java/lang/Exception
org/apache/commons/lang3/text/ExtendedMessageFormatTest$OtherExtendedMessageFormat org/apache/commons/lang3/text/ExtendedMessageFormat
org/apache/commons/lang3/reflect/TypeUtilsTest java/lang/Object
org/apache/commons/io/FileDeleteStrategy$ForceFileDeleteStrategy org/apache/commons/io/FileDeleteStrategy
junit/runner/Version java/lang/Object
net/sf/cglib/reflect/FastClassEmitter$4 java/lang/Object
net/sf/cglib/transform/ClassEmitterTransformer net/sf/cglib/core/ClassEmitter
org/apache/commons/io/input/NullInputStream java/io/InputStream
org/apache/commons/lang3/reflect/MethodUtilsTest$ChildObject org/apache/commons/lang3/reflect/MethodUtilsTest$ParentObject
net/sf/cglib/reflect/FastClassEmitter$1 java/lang/Object
net/sf/cglib/reflect/FastClassEmitter$2 java/lang/Object
net/sf/cglib/reflect/FastClassEmitter$3 java/lang/Object
net/sf/cglib/proxy/Mixin java/lang/Object
org/apache/commons/lang3/mutable/MutableObjectTest java/lang/Object
org/easymock/internal/matchers/And java/lang/Object
org/apache/commons/lang3/text/ExtendedMessageFormatTest java/lang/Object
net/sf/cglib/util/ParallelSorter$ShortComparer java/lang/Object
org/apache/commons/lang3/time/FastDatePrinter$StringLiteral java/lang/Object
org/apache/commons/lang3/reflect/AClass$DClass org/apache/commons/lang3/reflect/AClass$CClass
org/junit/runner/manipulation/Filter$3 org/junit/runner/manipulation/Filter
org/junit/runner/manipulation/Filter$2 org/junit/runner/manipulation/Filter
org/junit/internal/builders/SuiteMethodBuilder org/junit/runners/model/RunnerBuilder
org/apache/commons/io/filefilter/FileFilterUtils java/lang/Object
org/junit/runner/manipulation/Filter$1 org/junit/runner/manipulation/Filter
org/apache/commons/lang3/time/FastDatePrinter$TwelveHourField java/lang/Object
org/apache/commons/lang3/StringUtilsTest java/lang/Object
org/apache/commons/lang3/time/FastDateFormatTest java/lang/Object
org/apache/commons/io/output/DemuxOutputStream java/io/OutputStream
org/junit/experimental/theories/internal/EnumSupplier org/junit/experimental/theories/ParameterSupplier
org/apache/commons/lang3/mutable/MutableInt java/lang/Number
org/apache/commons/lang3/time/DateUtilsTest java/lang/Object
org/easymock/internal/matchers/Any java/lang/Object
org/junit/AssumptionViolatedException org/junit/internal/AssumptionViolatedException
org/apache/commons/io/filefilter/NameFileFilter org/apache/commons/io/filefilter/AbstractFileFilter
org/easymock/internal/matchers/Matches java/lang/Object
org/apache/commons/lang3/time/FastDateFormat_PrinterTest org/apache/commons/lang3/time/FastDatePrinterTest
org/apache/commons/io/filefilter/AbstractFileFilter java/lang/Object
org/junit/experimental/max/CouldNotReadCoreException java/lang/Exception
org/apache/commons/lang3/reflect/ConstructorUtilsTest$PrivateClass java/lang/Object
org/junit/internal/runners/statements/FailOnTimeout$Builder java/lang/Object
org/junit/rules/TestWatchman$1 org/junit/runners/model/Statement
org/apache/commons/lang3/RandomStringUtils java/lang/Object
org/apache/commons/lang3/builder/ToStringStyle$SimpleToStringStyle org/apache/commons/lang3/builder/ToStringStyle
org/apache/commons/lang3/ObjectUtilsTest$UncloneableString org/apache/commons/lang3/mutable/MutableObject
org/apache/commons/lang3/ClassUtilsTest java/lang/Object
org/apache/commons/lang3/time/StopWatchTest java/lang/Object
org/apache/commons/lang3/builder/ToStringBuilderTest$SimpleReflectionTestFixture java/lang/Object
net/sf/cglib/core/CodeEmitter net/sf/cglib/core/LocalVariablesSorter
net/sf/cglib/core/DebuggingClassWriter$1 java/lang/Object
org/apache/commons/lang3/text/StrBuilder$StrBuilderReader java/io/Reader
org/apache/commons/lang3/concurrent/MultiBackgroundInitializer$MultiBackgroundInitializerResults java/lang/Object
net/sf/cglib/transform/AbstractClassLoader$1 java/lang/Object
org/apache/commons/io/input/ReversedLinesFileReader$FilePart java/lang/Object
org/junit/internal/runners/model/EachTestNotifier java/lang/Object
junit/framework/ComparisonFailure junit/framework/AssertionFailedError
org/easymock/LogicalOperator java/lang/Enum
org/apache/commons/lang3/BitField java/lang/Object
org/junit/runner/Request$1 org/junit/runner/Request
org/apache/commons/lang3/event/EventListenerSupportTest$2$1 org/apache/commons/lang3/event/EventListenerSupport$ProxyInvocationHandler
org/junit/experimental/max/MaxHistory$1 java/lang/Object
org/apache/commons/io/monitor/FileEntry java/lang/Object
org/junit/runners/ParentRunner org/junit/runner/Runner
org/apache/commons/lang3/event/EventUtilsTest$EventCountingInvociationHandler java/lang/Object
org/hamcrest/core/IsEqual org/hamcrest/BaseMatcher
org/junit/internal/AssumptionViolatedException java/lang/RuntimeException
net/sf/cglib/beans/BeanGenerator net/sf/cglib/core/AbstractClassGenerator
net/sf/cglib/transform/AbstractTransformTask net/sf/cglib/transform/AbstractProcessTask
org/junit/experimental/theories/internal/AllMembersSupplier$1 java/lang/Object
org/easymock/internal/matchers/InstanceOf java/lang/Object
org/apache/commons/lang3/reflect/testbed/PrivatelyShadowedChild org/apache/commons/lang3/reflect/testbed/Parent
org/apache/commons/lang3/time/FastDateFormat_ParserTest org/apache/commons/lang3/time/FastDateParserTest
org/apache/commons/lang3/time/DurationFormatUtilsTest java/lang/Object
org/apache/commons/io/input/CharSequenceReader java/io/Reader
org/apache/commons/lang3/JavaVersion java/lang/Enum
org/apache/commons/lang3/text/translate/UnicodeUnescaperTest java/lang/Object
org/easymock/internal/matchers/Find java/lang/Object
org/apache/commons/lang3/concurrent/BasicThreadFactoryTest java/lang/Object
org/apache/commons/lang3/builder/ReflectionToStringBuilderConcurrencyTest java/lang/Object
org/junit/internal/runners/model/ReflectiveCallable java/lang/Object
org/easymock/internal/Result$1ThrowingAnswer java/lang/Object
org/apache/commons/lang3/builder/ReflectionToStringBuilderExcludeTest java/lang/Object
org/easymock/ConstructorArgs java/lang/Object
org/junit/runners/BlockJUnit4ClassRunner org/junit/runners/ParentRunner
org/apache/commons/lang3/event/EventUtilsTest$EventCounterWithEvent java/lang/Object
net/sf/cglib/core/EmitUtils$7 java/lang/Object
org/apache/commons/lang3/builder/ToStringStyleConcurrencyTest$CollectionHolder java/lang/Object
net/sf/cglib/core/EmitUtils$6 java/lang/Object
net/sf/cglib/core/EmitUtils$9 java/lang/Object
net/sf/cglib/core/EmitUtils$8 java/lang/Object
net/sf/cglib/core/EmitUtils$3 java/lang/Object
org/apache/commons/lang3/builder/EqualsBuilderTest$TestEmptySubObject org/apache/commons/lang3/builder/EqualsBuilderTest$TestObject
net/sf/cglib/core/EmitUtils$2 java/lang/Object
net/sf/cglib/core/EmitUtils$5 java/lang/Object
org/apache/commons/lang3/Validate java/lang/Object
net/sf/cglib/core/EmitUtils$4 java/lang/Object
org/apache/commons/lang3/time/FastDatePrinter$TextField java/lang/Object
net/sf/cglib/core/EmitUtils$1 java/lang/Object
net/sf/cglib/reflect/MulticastDelegate java/lang/Object
org/junit/internal/matchers/TypeSafeMatcher org/hamcrest/BaseMatcher
org/apache/commons/lang3/BitFieldTest java/lang/Object
org/apache/commons/lang3/builder/HashCodeBuilderTest$ReflectionTestCycleB java/lang/Object
org/apache/commons/lang3/reflect/AAAClass org/apache/commons/lang3/reflect/AAClass
org/apache/commons/lang3/builder/HashCodeBuilderTest$ReflectionTestCycleA java/lang/Object
org/apache/commons/lang3/builder/ToStringBuilderTest$InheritedReflectionStaticFieldsFixture org/apache/commons/lang3/builder/ToStringBuilderTest$SimpleReflectionStaticFieldsFixture
org/apache/commons/io/output/ByteArrayOutputStream java/io/OutputStream
org/objenesis/instantiator/jrockit/JRockitLegacyInstantiator java/lang/Object
org/junit/runner/JUnitCommandLineParseResult$CommandLineParserError java/lang/Exception
org/apache/commons/lang3/time/FastDatePrinter$TwoDigitNumberField java/lang/Object
org/apache/commons/lang3/text/CompositeFormatTest$2 java/text/Format
org/junit/rules/DisableOnDebug java/lang/Object
org/apache/commons/lang3/text/CompositeFormatTest$1 java/text/Format
org/apache/commons/lang3/builder/ShortPrefixToStringStyleTest java/lang/Object
net/sf/cglib/proxy/NoOpGenerator java/lang/Object
org/junit/internal/builders/IgnoredClassRunner org/junit/runner/Runner
org/apache/commons/io/IOCase java/lang/Object
org/apache/commons/lang3/builder/ToStringStyle java/lang/Object
org/apache/commons/lang3/ClassUtilsTest$5Named java/lang/Object
org/apache/commons/io/input/ProxyReader java/io/FilterReader
org/apache/commons/lang3/concurrent/ConcurrentException java/lang/Exception
org/apache/commons/lang3/ArrayUtils java/lang/Object
org/apache/commons/io/filefilter/AndFileFilter org/apache/commons/io/filefilter/AbstractFileFilter
org/junit/rules/ExpectedException$ExpectedExceptionStatement org/junit/runners/model/Statement
org/apache/commons/io/LineIterator java/lang/Object
net/sf/cglib/beans/ImmutableBean java/lang/Object
org/apache/commons/lang3/builder/StandardToStringStyle org/apache/commons/lang3/builder/ToStringStyle
org/apache/commons/lang3/text/StrTokenizerTest java/lang/Object
org/junit/internal/runners/rules/RuleMemberValidator$MemberMustBeStatic java/lang/Object
org/apache/commons/lang3/CharEncoding java/lang/Object
org/easymock/internal/matchers/LessOrEqual org/easymock/internal/matchers/CompareTo
org/apache/commons/io/input/ReaderInputStream java/io/InputStream
org/easymock/internal/matchers/Null java/lang/Object
org/easymock/internal/ThrowableWrapper java/lang/Throwable
net/sf/cglib/transform/impl/UndeclaredThrowableTransformer net/sf/cglib/transform/ClassEmitterTransformer
net/sf/cglib/core/AbstractClassGenerator$Source java/lang/Object
org/junit/rules/Timeout$Builder java/lang/Object
org/junit/runners/model/FrameworkMethod$1 org/junit/internal/runners/model/ReflectiveCallable
org/apache/commons/io/filefilter/FileFileFilter org/apache/commons/io/filefilter/AbstractFileFilter
net/sf/cglib/beans/BulkBean$Generator net/sf/cglib/core/AbstractClassGenerator
net/sf/cglib/util/ParallelSorter$ByteComparer java/lang/Object
org/apache/commons/lang3/time/FastDateParser$Strategy java/lang/Object
org/apache/commons/lang3/time/FastDateParser$NumberStrategy org/apache/commons/lang3/time/FastDateParser$Strategy
org/apache/commons/lang3/SerializationException java/lang/RuntimeException
org/apache/commons/lang3/text/translate/EntityArrays java/lang/Object
org/hamcrest/Condition$Matched org/hamcrest/Condition
org/apache/commons/io/filefilter/DirectoryFileFilter org/apache/commons/io/filefilter/AbstractFileFilter
org/junit/internal/runners/MethodRoadie$1$1 java/lang/Object
org/objenesis/instantiator/perc/PercInstantiator java/lang/Object
org/apache/commons/io/filefilter/FalseFileFilter java/lang/Object
net/sf/cglib/util/StringSwitcher$Generator$1 java/lang/Object
org/apache/commons/lang3/exception/DefaultExceptionContext java/lang/Object
org/easymock/internal/MocksControl java/lang/Object
org/apache/commons/lang3/CharSequenceUtils java/lang/Object
org/apache/commons/io/output/TaggedOutputStream org/apache/commons/io/output/ProxyOutputStream
org/apache/commons/lang3/time/FastDatePrinterTest java/lang/Object
org/apache/commons/lang3/concurrent/AtomicSafeInitializerTest org/apache/commons/lang3/concurrent/AbstractConcurrentInitializerTest
org/apache/commons/lang3/concurrent/MultiBackgroundInitializerTest$1 java/lang/Object
org/junit/experimental/max/MaxCore$1$1 org/junit/runners/Suite
org/hamcrest/core/IsCollectionContaining org/hamcrest/TypeSafeDiagnosingMatcher
net/sf/cglib/util/ParallelSorter$IntComparer java/lang/Object
net/sf/cglib/proxy/CallbackHelper java/lang/Object
net/sf/cglib/proxy/InterfaceMaker net/sf/cglib/core/AbstractClassGenerator
org/junit/runner/Computer java/lang/Object
org/apache/commons/lang3/ConversionTest java/lang/Object
org/junit/internal/runners/statements/ExpectException org/junit/runners/model/Statement
org/apache/commons/lang3/concurrent/LazyInitializerTest org/apache/commons/lang3/concurrent/AbstractConcurrentInitializerTest
org/apache/commons/io/output/DeferredFileOutputStream org/apache/commons/io/output/ThresholdingOutputStream
org/apache/commons/lang3/concurrent/TimedSemaphoreTest java/lang/Object
org/apache/commons/io/output/WriterOutputStream java/io/OutputStream
org/apache/commons/io/input/ClassLoaderObjectInputStream java/io/ObjectInputStream
org/apache/commons/lang3/time/DateUtilsRoundingTest java/lang/Object
org/junit/matchers/JUnitMatchers java/lang/Object
net/sf/cglib/util/ParallelSorter$FloatComparer java/lang/Object
org/junit/internal/builders/IgnoredBuilder org/junit/runners/model/RunnerBuilder
org/apache/commons/lang3/reflect/MethodUtilsTest java/lang/Object
org/hamcrest/core/IsSame org/hamcrest/BaseMatcher
org/easymock/internal/BridgeMethodResolver java/lang/Object
org/hamcrest/core/IsAnything org/hamcrest/BaseMatcher
net/sf/cglib/util/ParallelSorter$ObjectComparer java/lang/Object
net/sf/cglib/reflect/MethodDelegate java/lang/Object
org/junit/internal/runners/TestMethod java/lang/Object
net/sf/cglib/asm/AnnotationWriter java/lang/Object
org/apache/commons/lang3/builder/ReflectionToStringBuilderExcludeTest$TestFixture java/lang/Object
org/apache/commons/lang3/ClassUtilsTest$1 java/lang/Object
org/objenesis/instantiator/sun/SunReflectionFactorySerializationInstantiator java/lang/Object
org/junit/internal/runners/JUnit4ClassRunner org/junit/runner/Runner
org/hamcrest/BaseDescription java/lang/Object
org/apache/commons/io/input/TeeInputStream org/apache/commons/io/input/ProxyInputStream
net/sf/cglib/proxy/InvocationHandlerGenerator java/lang/Object
org/junit/ComparisonFailure java/lang/AssertionError
junit/extensions/RepeatedTest junit/extensions/TestDecorator
org/apache/commons/lang3/builder/ToStringBuilderTest$SimpleReflectionStaticFieldsFixture java/lang/Object
org/junit/runner/Computer$1 org/junit/runners/model/RunnerBuilder
org/junit/internal/matchers/ThrowableMessageMatcher org/hamcrest/TypeSafeMatcher
net/sf/cglib/beans/BeanMapEmitter$1 java/lang/Object
net/sf/cglib/beans/BeanMapEmitter$2 java/lang/Object
net/sf/cglib/beans/BeanMapEmitter$3 java/lang/Object
org/apache/commons/lang3/time/FastDatePrinter$UnpaddedMonthField java/lang/Object
org/apache/commons/lang3/exception/AbstractExceptionContextTest$ObjectWithFaultyToString java/lang/Object
org/apache/commons/lang3/builder/HashCodeBuilderAndEqualsBuilderTest$TestFixture java/lang/Object
org/apache/commons/io/filefilter/EmptyFileFilter org/apache/commons/io/filefilter/AbstractFileFilter
org/apache/commons/lang3/concurrent/CallableBackgroundInitializerTest java/lang/Object
